<?xml version="1.0" encoding="UTF-8"?>
<robot generator="Rebot 3.2.2 (Python 3.8.5 on win32)" generated="20201118 12:35:32.078" rpa="false">
<suite id="s1" name="Atest" source="C:\Users\mparvu\IdeaProjects\robotframework-sudslibrary\atest">
<kw name="Start Services" library="TestWebServices" type="setup">
<status status="PASS" starttime="20201118 12:33:02.905" endtime="20201118 12:33:02.924"></status>
</kw>
<kw name="Stop Services" library="TestWebServices" type="teardown">
<status status="PASS" starttime="20201118 12:35:32.035" endtime="20201118 12:35:32.035"></status>
</kw>
<suite id="s1-s1" name="Basicauth" source="C:\Users\mparvu\IdeaProjects\robotframework-sudslibrary\atest\basicauth.robot">
<test id="s1-s1-t1" name="Http Authentication">
<kw name="Create Soap Client" library="Suds2Library">
<doc>Loads a WSDL from the given URL/path and creates a Suds SOAP client.</doc>
<arguments>
<arg>${TEST WSDL URL}</arg>
</arguments>
<msg timestamp="20201118 12:33:04.006" level="INFO">Using WSDL at http://localhost:8080/TestService/soap11/description
Suds ( https://github.com/cackharot/suds-py3 )  version: 1.4.1.0 IN  build: 20200421

Service ( TestService ) tns="urn:TestService"
   Prefixes (2)
      ns0 = "http://schemas.xmlsoap.org/soap/encoding/"
      ns1 = "urn:TestService"
   Ports (1):
      (TestService)
         Methods (4):
            complexTypeArgument(Person person, )
            fault(xs:string fault-string, )
            returnComplexType(xs:string first-name, xs:string last-name, )
            theAnswer()
         Types (49):
            ns0:Array
            ns0:ENTITIES
            ns0:ENTITY
            ns0:ID
            ns0:IDREF
            ns0:IDREFS
            ns0:NCName
            ns0:NMTOKEN
            ns0:NMTOKENS
            ns0:NOTATION
            ns0:Name
            Person
            ns0:QName
            ns0:Struct
            ns0:anyURI
            ns0:arrayCoordinate
            ns0:base64
            ns0:base64Binary
            ns0:boolean
            ns0:byte
            ns0:date
            ns0:dateTime
            ns0:decimal
            ns0:double
            ns0:duration
            ns0:float
            ns0:gDay
            ns0:gMonth
            ns0:gMonthDay
            ns0:gYear
            ns0:gYearMonth
            ns0:hexBinary
            ns0:int
            ns0:integer
            ns0:language
            ns0:long
            ns0:negativeInteger
            ns0:nonNegativeInteger
            ns0:nonPositiveInteger
            ns0:normalizedString
            ns0:positiveInteger
            ns0:short
            ns0:string
            ns0:time
            ns0:token
            ns0:unsignedByte
            ns0:unsignedInt
            ns0:unsignedLong
            ns0:unsignedShort
--------------------------------------------------------------------------------</msg>
<status status="PASS" starttime="20201118 12:33:02.945" endtime="20201118 12:33:04.006"></status>
</kw>
<kw name="Set Location" library="Suds2Library">
<doc>Sets location to use in future requests.</doc>
<arguments>
<arg>${SECURE TEST URL}</arg>
</arguments>
<status status="PASS" starttime="20201118 12:33:04.006" endtime="20201118 12:33:04.007"></status>
</kw>
<kw name="Run Keyword And Expect Error" library="BuiltIn">
<doc>Runs the keyword and checks that the expected error occurred.</doc>
<arguments>
<arg>(401, 'Authentication Required')</arg>
<arg>Call Soap Method</arg>
<arg>theAnswer</arg>
</arguments>
<kw name="Call Soap Method" library="Suds2Library">
<doc>Calls the SOAP method with the given `name` and `args`.</doc>
<arguments>
<arg>theAnswer</arg>
</arguments>
<msg timestamp="20201118 12:33:04.010" level="INFO">Sending:
&lt;?xml version="1.0" ?&gt;
&lt;SOAP-ENV:Envelope xmlns:SOAP-ENV="http://schemas.xmlsoap.org/soap/envelope/" xmlns:xsi="http://www.w3.org/2001/XMLSchema-instance" xmlns:SOAP-ENC="http://schemas.xmlsoap.org/soap/encoding/" xmlns:ns0="http://schemas.xmlsoap.org/soap/encoding/" xmlns:ns1="http://schemas.xmlsoap.org/soap/envelope/" xmlns:ns2="urn:TestService" SOAP-ENV:encodingStyle="http://schemas.xmlsoap.org/soap/encoding/"&gt;
  &lt;SOAP-ENV:Header/&gt;
  &lt;ns1:Body&gt;
    &lt;ns2:theAnswer/&gt;
  &lt;/ns1:Body&gt;
&lt;/SOAP-ENV:Envelope&gt;
</msg>
<msg timestamp="20201118 12:33:05.029" level="FAIL">(401, 'Authentication Required')</msg>
<status status="FAIL" starttime="20201118 12:33:04.007" endtime="20201118 12:33:05.029"></status>
</kw>
<status status="PASS" starttime="20201118 12:33:04.007" endtime="20201118 12:33:05.030"></status>
</kw>
<kw name="Set Http Authentication" library="Suds2Library">
<doc>Sets http authentication type and credentials.</doc>
<arguments>
<arg>bob</arg>
<arg>bob</arg>
<arg>STANDARD</arg>
</arguments>
<status status="PASS" starttime="20201118 12:33:05.030" endtime="20201118 12:33:05.030"></status>
</kw>
<kw name="Call Soap Method" library="Suds2Library">
<doc>Calls the SOAP method with the given `name` and `args`.</doc>
<arguments>
<arg>theAnswer</arg>
</arguments>
<assign>
<var>${answer}</var>
</assign>
<msg timestamp="20201118 12:33:05.031" level="INFO">Sending:
&lt;?xml version="1.0" ?&gt;
&lt;SOAP-ENV:Envelope xmlns:SOAP-ENV="http://schemas.xmlsoap.org/soap/envelope/" xmlns:xsi="http://www.w3.org/2001/XMLSchema-instance" xmlns:SOAP-ENC="http://schemas.xmlsoap.org/soap/encoding/" xmlns:ns0="http://schemas.xmlsoap.org/soap/encoding/" xmlns:ns1="http://schemas.xmlsoap.org/soap/envelope/" xmlns:ns2="urn:TestService" SOAP-ENV:encodingStyle="http://schemas.xmlsoap.org/soap/encoding/"&gt;
  &lt;SOAP-ENV:Header/&gt;
  &lt;ns1:Body&gt;
    &lt;ns2:theAnswer/&gt;
  &lt;/ns1:Body&gt;
&lt;/SOAP-ENV:Envelope&gt;
</msg>
<msg timestamp="20201118 12:33:07.108" level="INFO">Received:
&lt;?xml version="1.0" ?&gt;
&lt;SOAP-ENV:Envelope xmlns:SOAP-ENV="http://schemas.xmlsoap.org/soap/envelope/" xmlns:SOAP-ENC="http://schemas.xmlsoap.org/soap/encoding/" xmlns:xsd="http://www.w3.org/2001/XMLSchema" xmlns:ns="urn:TestService"&gt;
  &lt;SOAP-ENV:Body SOAP-ENV:encodingStyle="http://schemas.xmlsoap.org/soap/encoding/"&gt;
    &lt;ns:theAnswerResponse&gt;
      &lt;result&gt;42&lt;/result&gt;
    &lt;/ns:theAnswerResponse&gt;
  &lt;/SOAP-ENV:Body&gt;
&lt;/SOAP-ENV:Envelope&gt;
</msg>
<msg timestamp="20201118 12:33:07.108" level="INFO">${answer} = 42</msg>
<status status="PASS" starttime="20201118 12:33:05.030" endtime="20201118 12:33:07.108"></status>
</kw>
<kw name="Should Be Equal" library="BuiltIn">
<doc>Fails if the given objects are unequal.</doc>
<arguments>
<arg>${answer}</arg>
<arg>${42}</arg>
</arguments>
<status status="PASS" starttime="20201118 12:33:07.108" endtime="20201118 12:33:07.109"></status>
</kw>
<kw name="Create Soap Client" library="Suds2Library">
<doc>Loads a WSDL from the given URL/path and creates a Suds SOAP client.</doc>
<arguments>
<arg>${TEST WSDL URL}</arg>
</arguments>
<msg timestamp="20201118 12:33:08.141" level="INFO">Using WSDL at http://localhost:8080/TestService/soap11/description
Suds ( https://github.com/cackharot/suds-py3 )  version: 1.4.1.0 IN  build: 20200421

Service ( TestService ) tns="urn:TestService"
   Prefixes (2)
      ns0 = "http://schemas.xmlsoap.org/soap/encoding/"
      ns1 = "urn:TestService"
   Ports (1):
      (TestService)
         Methods (4):
            complexTypeArgument(Person person, )
            fault(xs:string fault-string, )
            returnComplexType(xs:string first-name, xs:string last-name, )
            theAnswer()
         Types (49):
            ns0:Array
            ns0:ENTITIES
            ns0:ENTITY
            ns0:ID
            ns0:IDREF
            ns0:IDREFS
            ns0:NCName
            ns0:NMTOKEN
            ns0:NMTOKENS
            ns0:NOTATION
            ns0:Name
            Person
            ns0:QName
            ns0:Struct
            ns0:anyURI
            ns0:arrayCoordinate
            ns0:base64
            ns0:base64Binary
            ns0:boolean
            ns0:byte
            ns0:date
            ns0:dateTime
            ns0:decimal
            ns0:double
            ns0:duration
            ns0:float
            ns0:gDay
            ns0:gMonth
            ns0:gMonthDay
            ns0:gYear
            ns0:gYearMonth
            ns0:hexBinary
            ns0:int
            ns0:integer
            ns0:language
            ns0:long
            ns0:negativeInteger
            ns0:nonNegativeInteger
            ns0:nonPositiveInteger
            ns0:normalizedString
            ns0:positiveInteger
            ns0:short
            ns0:string
            ns0:time
            ns0:token
            ns0:unsignedByte
            ns0:unsignedInt
            ns0:unsignedLong
            ns0:unsignedShort
--------------------------------------------------------------------------------</msg>
<status status="PASS" starttime="20201118 12:33:07.109" endtime="20201118 12:33:08.142"></status>
</kw>
<kw name="Set Http Authentication" library="Suds2Library">
<doc>Sets http authentication type and credentials.</doc>
<arguments>
<arg>bob</arg>
<arg>foo</arg>
<arg>ALWAYS_send</arg>
</arguments>
<status status="PASS" starttime="20201118 12:33:08.142" endtime="20201118 12:33:08.142"></status>
</kw>
<kw name="Call Soap Method" library="Suds2Library">
<doc>Calls the SOAP method with the given `name` and `args`.</doc>
<arguments>
<arg>theAnswer</arg>
</arguments>
<assign>
<var>${sum}</var>
</assign>
<msg timestamp="20201118 12:33:08.143" level="INFO">Sending:
&lt;?xml version="1.0" ?&gt;
&lt;SOAP-ENV:Envelope xmlns:SOAP-ENV="http://schemas.xmlsoap.org/soap/envelope/" xmlns:xsi="http://www.w3.org/2001/XMLSchema-instance" xmlns:SOAP-ENC="http://schemas.xmlsoap.org/soap/encoding/" xmlns:ns0="http://schemas.xmlsoap.org/soap/encoding/" xmlns:ns1="http://schemas.xmlsoap.org/soap/envelope/" xmlns:ns2="urn:TestService" SOAP-ENV:encodingStyle="http://schemas.xmlsoap.org/soap/encoding/"&gt;
  &lt;SOAP-ENV:Header/&gt;
  &lt;ns1:Body&gt;
    &lt;ns2:theAnswer/&gt;
  &lt;/ns1:Body&gt;
&lt;/SOAP-ENV:Envelope&gt;
</msg>
<msg timestamp="20201118 12:33:09.154" level="INFO">Received:
&lt;?xml version="1.0" ?&gt;
&lt;SOAP-ENV:Envelope xmlns:SOAP-ENV="http://schemas.xmlsoap.org/soap/envelope/" xmlns:SOAP-ENC="http://schemas.xmlsoap.org/soap/encoding/" xmlns:xsd="http://www.w3.org/2001/XMLSchema" xmlns:ns="urn:TestService"&gt;
  &lt;SOAP-ENV:Body SOAP-ENV:encodingStyle="http://schemas.xmlsoap.org/soap/encoding/"&gt;
    &lt;ns:theAnswerResponse&gt;
      &lt;result&gt;42&lt;/result&gt;
    &lt;/ns:theAnswerResponse&gt;
  &lt;/SOAP-ENV:Body&gt;
&lt;/SOAP-ENV:Envelope&gt;
</msg>
<msg timestamp="20201118 12:33:09.155" level="INFO">${sum} = 42</msg>
<status status="PASS" starttime="20201118 12:33:08.142" endtime="20201118 12:33:09.155"></status>
</kw>
<kw name="Get Sent Request" library="Loggers">
<doc>Returns last _suds.transport.Request_ sent</doc>
<assign>
<var>${request}</var>
</assign>
<msg timestamp="20201118 12:33:09.155" level="INFO">${request} = URL:http://localhost:8080/TestService/soap11
HEADERS: {'Content-Type': 'text/xml; charset=utf-8', 'SOAPAction': '"http://localhost:8080/TestService/soap11/theAnswer"', 'Authorization': 'Basic Ym9iOmZv...</msg>
<status status="PASS" starttime="20201118 12:33:09.155" endtime="20201118 12:33:09.155"></status>
</kw>
<kw name="Should Be Equal As Strings" library="BuiltIn">
<doc>Fails if objects are unequal after converting them to strings.</doc>
<arguments>
<arg>${request.headers['Authorization']}</arg>
<arg>Basic Ym9iOmZvbw==</arg>
</arguments>
<status status="PASS" starttime="20201118 12:33:09.156" endtime="20201118 12:33:09.156"></status>
</kw>
<status status="PASS" starttime="20201118 12:33:02.944" endtime="20201118 12:33:09.156" critical="yes"></status>
</test>
<test id="s1-s1-t2" name="Secured WSDL">
<kw name="Run Keyword And Expect Error" library="BuiltIn">
<doc>Runs the keyword and checks that the expected error occurred.</doc>
<arguments>
<arg>*401*</arg>
<arg>Create Soap Client</arg>
<arg>${SECURE TEST WSDL URL}</arg>
</arguments>
<kw name="Create Soap Client" library="Suds2Library">
<doc>Loads a WSDL from the given URL/path and creates a Suds SOAP client.</doc>
<arguments>
<arg>${SECURE TEST WSDL URL}</arg>
</arguments>
<msg timestamp="20201118 12:33:10.167" level="FAIL">TransportError: HTTP Error 401: Authentication Required</msg>
<status status="FAIL" starttime="20201118 12:33:09.157" endtime="20201118 12:33:10.167"></status>
</kw>
<status status="PASS" starttime="20201118 12:33:09.157" endtime="20201118 12:33:10.167"></status>
</kw>
<kw name="Create Soap Client" library="Suds2Library">
<doc>Loads a WSDL from the given URL/path and creates a Suds SOAP client.</doc>
<arguments>
<arg>${SECURE TEST WSDL URL}</arg>
<arg>username=beth</arg>
<arg>password=beth</arg>
</arguments>
<msg timestamp="20201118 12:33:12.216" level="INFO">Using WSDL at http://localhost:8080/secure/TestService/soap11/description
Suds ( https://github.com/cackharot/suds-py3 )  version: 1.4.1.0 IN  build: 20200421

Service ( TestService ) tns="urn:TestService"
   Prefixes (2)
      ns0 = "http://schemas.xmlsoap.org/soap/encoding/"
      ns1 = "urn:TestService"
   Ports (1):
      (TestService)
         Methods (4):
            complexTypeArgument(Person person, )
            fault(xs:string fault-string, )
            returnComplexType(xs:string first-name, xs:string last-name, )
            theAnswer()
         Types (49):
            ns0:Array
            ns0:ENTITIES
            ns0:ENTITY
            ns0:ID
            ns0:IDREF
            ns0:IDREFS
            ns0:NCName
            ns0:NMTOKEN
            ns0:NMTOKENS
            ns0:NOTATION
            ns0:Name
            Person
            ns0:QName
            ns0:Struct
            ns0:anyURI
            ns0:arrayCoordinate
            ns0:base64
            ns0:base64Binary
            ns0:boolean
            ns0:byte
            ns0:date
            ns0:dateTime
            ns0:decimal
            ns0:double
            ns0:duration
            ns0:float
            ns0:gDay
            ns0:gMonth
            ns0:gMonthDay
            ns0:gYear
            ns0:gYearMonth
            ns0:hexBinary
            ns0:int
            ns0:integer
            ns0:language
            ns0:long
            ns0:negativeInteger
            ns0:nonNegativeInteger
            ns0:nonPositiveInteger
            ns0:normalizedString
            ns0:positiveInteger
            ns0:short
            ns0:string
            ns0:time
            ns0:token
            ns0:unsignedByte
            ns0:unsignedInt
            ns0:unsignedLong
            ns0:unsignedShort
--------------------------------------------------------------------------------</msg>
<status status="PASS" starttime="20201118 12:33:10.168" endtime="20201118 12:33:12.216"></status>
</kw>
<kw name="Call Soap Method" library="Suds2Library">
<doc>Calls the SOAP method with the given `name` and `args`.</doc>
<arguments>
<arg>theAnswer</arg>
</arguments>
<assign>
<var>${answer}</var>
</assign>
<msg timestamp="20201118 12:33:12.217" level="INFO">Sending:
&lt;?xml version="1.0" ?&gt;
&lt;SOAP-ENV:Envelope xmlns:SOAP-ENV="http://schemas.xmlsoap.org/soap/envelope/" xmlns:xsi="http://www.w3.org/2001/XMLSchema-instance" xmlns:SOAP-ENC="http://schemas.xmlsoap.org/soap/encoding/" xmlns:ns0="http://schemas.xmlsoap.org/soap/encoding/" xmlns:ns1="http://schemas.xmlsoap.org/soap/envelope/" xmlns:ns2="urn:TestService" SOAP-ENV:encodingStyle="http://schemas.xmlsoap.org/soap/encoding/"&gt;
  &lt;SOAP-ENV:Header/&gt;
  &lt;ns1:Body&gt;
    &lt;ns2:theAnswer/&gt;
  &lt;/ns1:Body&gt;
&lt;/SOAP-ENV:Envelope&gt;
</msg>
<msg timestamp="20201118 12:33:14.252" level="INFO">Received:
&lt;?xml version="1.0" ?&gt;
&lt;SOAP-ENV:Envelope xmlns:SOAP-ENV="http://schemas.xmlsoap.org/soap/envelope/" xmlns:SOAP-ENC="http://schemas.xmlsoap.org/soap/encoding/" xmlns:xsd="http://www.w3.org/2001/XMLSchema" xmlns:ns="urn:TestService"&gt;
  &lt;SOAP-ENV:Body SOAP-ENV:encodingStyle="http://schemas.xmlsoap.org/soap/encoding/"&gt;
    &lt;ns:theAnswerResponse&gt;
      &lt;result&gt;42&lt;/result&gt;
    &lt;/ns:theAnswerResponse&gt;
  &lt;/SOAP-ENV:Body&gt;
&lt;/SOAP-ENV:Envelope&gt;
</msg>
<msg timestamp="20201118 12:33:14.253" level="INFO">${answer} = 42</msg>
<status status="PASS" starttime="20201118 12:33:12.217" endtime="20201118 12:33:14.253"></status>
</kw>
<kw name="Should Be Equal" library="BuiltIn">
<doc>Fails if the given objects are unequal.</doc>
<arguments>
<arg>${answer}</arg>
<arg>${42}</arg>
</arguments>
<status status="PASS" starttime="20201118 12:33:14.253" endtime="20201118 12:33:14.254"></status>
</kw>
<status status="PASS" starttime="20201118 12:33:09.156" endtime="20201118 12:33:14.254" critical="yes"></status>
</test>
<test id="s1-s1-t3" name="Unsecure WSDL With Secured Import">
<kw name="Create Soap Client" library="Suds2Library">
<doc>Loads a WSDL from the given URL/path and creates a Suds SOAP client.</doc>
<arguments>
<arg>${WSDL DIR}/TestServices_secured_import.wsdl</arg>
<arg>username=beth</arg>
<arg>password=beth</arg>
</arguments>
<msg timestamp="20201118 12:33:17.329" level="INFO">Using WSDL at http://localhost:8080/wsdls/TestServices_secured_import.wsdl
Suds ( https://github.com/cackharot/suds-py3 )  version: 1.4.1.0 IN  build: 20200421

Service ( TestService ) tns="urn:TestService"
   Prefixes (2)
      ns0 = "http://schemas.xmlsoap.org/soap/encoding/"
      ns1 = "http://tempuri.org/schemas"
   Ports (1):
      (TestService)
         Methods (3):
            complexTypeArgument(ns1:Person person, )
            returnComplexType(xs:string first-name, xs:string last-name, )
            theAnswer()
         Types (49):
            ns0:Array
            ns0:ENTITIES
            ns0:ENTITY
            ns0:ID
            ns0:IDREF
            ns0:IDREFS
            ns0:NCName
            ns0:NMTOKEN
            ns0:NMTOKENS
            ns0:NOTATION
            ns0:Name
            ns1:Person
            ns0:QName
            ns0:Struct
            ns0:anyURI
            ns0:arrayCoordinate
            ns0:base64
            ns0:base64Binary
            ns0:boolean
            ns0:byte
            ns0:date
            ns0:dateTime
            ns0:decimal
            ns0:double
            ns0:duration
            ns0:float
            ns0:gDay
            ns0:gMonth
            ns0:gMonthDay
            ns0:gYear
            ns0:gYearMonth
            ns0:hexBinary
            ns0:int
            ns0:integer
            ns0:language
            ns0:long
            ns0:negativeInteger
            ns0:nonNegativeInteger
            ns0:nonPositiveInteger
            ns0:normalizedString
            ns0:positiveInteger
            ns0:short
            ns0:string
            ns0:time
            ns0:token
            ns0:unsignedByte
            ns0:unsignedInt
            ns0:unsignedLong
            ns0:unsignedShort
--------------------------------------------------------------------------------</msg>
<status status="PASS" starttime="20201118 12:33:14.257" endtime="20201118 12:33:17.329"></status>
</kw>
<kw name="Call Soap Method" library="Suds2Library">
<doc>Calls the SOAP method with the given `name` and `args`.</doc>
<arguments>
<arg>theAnswer</arg>
</arguments>
<assign>
<var>${answer}</var>
</assign>
<msg timestamp="20201118 12:33:17.331" level="INFO">Sending:
&lt;?xml version="1.0" ?&gt;
&lt;SOAP-ENV:Envelope xmlns:SOAP-ENV="http://schemas.xmlsoap.org/soap/envelope/" xmlns:xsi="http://www.w3.org/2001/XMLSchema-instance" xmlns:SOAP-ENC="http://schemas.xmlsoap.org/soap/encoding/" xmlns:ns0="http://schemas.xmlsoap.org/soap/encoding/" xmlns:ns1="http://schemas.xmlsoap.org/soap/envelope/" xmlns:ns2="urn:TestService" SOAP-ENV:encodingStyle="http://schemas.xmlsoap.org/soap/encoding/"&gt;
  &lt;SOAP-ENV:Header/&gt;
  &lt;ns1:Body&gt;
    &lt;ns2:theAnswer/&gt;
  &lt;/ns1:Body&gt;
&lt;/SOAP-ENV:Envelope&gt;
</msg>
<msg timestamp="20201118 12:33:18.339" level="INFO">Received:
&lt;?xml version="1.0" ?&gt;
&lt;SOAP-ENV:Envelope xmlns:SOAP-ENV="http://schemas.xmlsoap.org/soap/envelope/" xmlns:SOAP-ENC="http://schemas.xmlsoap.org/soap/encoding/" xmlns:xsd="http://www.w3.org/2001/XMLSchema" xmlns:ns="urn:TestService"&gt;
  &lt;SOAP-ENV:Body SOAP-ENV:encodingStyle="http://schemas.xmlsoap.org/soap/encoding/"&gt;
    &lt;ns:theAnswerResponse&gt;
      &lt;result&gt;42&lt;/result&gt;
    &lt;/ns:theAnswerResponse&gt;
  &lt;/SOAP-ENV:Body&gt;
&lt;/SOAP-ENV:Envelope&gt;
</msg>
<msg timestamp="20201118 12:33:18.339" level="INFO">${answer} = 42</msg>
<status status="PASS" starttime="20201118 12:33:17.329" endtime="20201118 12:33:18.339"></status>
</kw>
<kw name="Should Be Equal" library="BuiltIn">
<doc>Fails if the given objects are unequal.</doc>
<arguments>
<arg>${answer}</arg>
<arg>${42}</arg>
</arguments>
<status status="PASS" starttime="20201118 12:33:18.340" endtime="20201118 12:33:18.340"></status>
</kw>
<doc>To test that the transport is used on imports, use a WSDL that does not require authentication that imports a document that does require authentication.</doc>
<status status="PASS" starttime="20201118 12:33:14.255" endtime="20201118 12:33:18.340" critical="yes"></status>
</test>
<test id="s1-s1-t4" name="Bad Authentication Type">
<kw name="Run Keyword And Expect Error" library="BuiltIn">
<doc>Runs the keyword and checks that the expected error occurred.</doc>
<arguments>
<arg>ValueError: 'bad' is not a supported authentication type.</arg>
<arg>Create Soap Client</arg>
<arg>${TEST WSDL URL}</arg>
<arg>username=bob</arg>
<arg>password=foo</arg>
<arg>auth_type=bad</arg>
</arguments>
<kw name="Create Soap Client" library="Suds2Library">
<doc>Loads a WSDL from the given URL/path and creates a Suds SOAP client.</doc>
<arguments>
<arg>${TEST WSDL URL}</arg>
<arg>username=bob</arg>
<arg>password=foo</arg>
<arg>auth_type=bad</arg>
</arguments>
<msg timestamp="20201118 12:33:18.344" level="FAIL">ValueError: 'bad' is not a supported authentication type.</msg>
<status status="FAIL" starttime="20201118 12:33:18.341" endtime="20201118 12:33:18.344"></status>
</kw>
<status status="PASS" starttime="20201118 12:33:18.340" endtime="20201118 12:33:18.344"></status>
</kw>
<kw name="Create Soap Client" library="Suds2Library">
<doc>Loads a WSDL from the given URL/path and creates a Suds SOAP client.</doc>
<arguments>
<arg>${TEST WSDL URL}</arg>
</arguments>
<msg timestamp="20201118 12:33:19.389" level="INFO">Using WSDL at http://localhost:8080/TestService/soap11/description
Suds ( https://github.com/cackharot/suds-py3 )  version: 1.4.1.0 IN  build: 20200421

Service ( TestService ) tns="urn:TestService"
   Prefixes (2)
      ns0 = "http://schemas.xmlsoap.org/soap/encoding/"
      ns1 = "urn:TestService"
   Ports (1):
      (TestService)
         Methods (4):
            complexTypeArgument(Person person, )
            fault(xs:string fault-string, )
            returnComplexType(xs:string first-name, xs:string last-name, )
            theAnswer()
         Types (49):
            ns0:Array
            ns0:ENTITIES
            ns0:ENTITY
            ns0:ID
            ns0:IDREF
            ns0:IDREFS
            ns0:NCName
            ns0:NMTOKEN
            ns0:NMTOKENS
            ns0:NOTATION
            ns0:Name
            Person
            ns0:QName
            ns0:Struct
            ns0:anyURI
            ns0:arrayCoordinate
            ns0:base64
            ns0:base64Binary
            ns0:boolean
            ns0:byte
            ns0:date
            ns0:dateTime
            ns0:decimal
            ns0:double
            ns0:duration
            ns0:float
            ns0:gDay
            ns0:gMonth
            ns0:gMonthDay
            ns0:gYear
            ns0:gYearMonth
            ns0:hexBinary
            ns0:int
            ns0:integer
            ns0:language
            ns0:long
            ns0:negativeInteger
            ns0:nonNegativeInteger
            ns0:nonPositiveInteger
            ns0:normalizedString
            ns0:positiveInteger
            ns0:short
            ns0:string
            ns0:time
            ns0:token
            ns0:unsignedByte
            ns0:unsignedInt
            ns0:unsignedLong
            ns0:unsignedShort
--------------------------------------------------------------------------------</msg>
<status status="PASS" starttime="20201118 12:33:18.344" endtime="20201118 12:33:19.389"></status>
</kw>
<kw name="Run Keyword And Expect Error" library="BuiltIn">
<doc>Runs the keyword and checks that the expected error occurred.</doc>
<arguments>
<arg>ValueError: 'bad' is not a supported authentication type.</arg>
<arg>Set Http Authentication</arg>
<arg>bob</arg>
<arg>foo</arg>
<arg>bad</arg>
</arguments>
<kw name="Set Http Authentication" library="Suds2Library">
<doc>Sets http authentication type and credentials.</doc>
<arguments>
<arg>bob</arg>
<arg>foo</arg>
<arg>bad</arg>
</arguments>
<msg timestamp="20201118 12:33:19.390" level="FAIL">ValueError: 'bad' is not a supported authentication type.</msg>
<status status="FAIL" starttime="20201118 12:33:19.390" endtime="20201118 12:33:19.390"></status>
</kw>
<status status="PASS" starttime="20201118 12:33:19.389" endtime="20201118 12:33:19.391"></status>
</kw>
<status status="PASS" starttime="20201118 12:33:18.340" endtime="20201118 12:33:19.391" critical="yes"></status>
</test>
<status status="PASS" starttime="20201118 12:33:02.924" endtime="20201118 12:33:19.391"></status>
</suite>
<suite id="s1-s2" name="Core" source="C:\Users\mparvu\IdeaProjects\robotframework-sudslibrary\atest\core.robot">
<test id="s1-s2-t1" name="Using A Local WSDL">
<kw name="Create Soap Client" library="Suds2Library">
<doc>Loads a WSDL from the given URL/path and creates a Suds SOAP client.</doc>
<arguments>
<arg>resources/wsdls/Calculator.wsdl</arg>
</arguments>
<msg timestamp="20201118 12:33:19.421" level="INFO">Using WSDL at file:resources/wsdls/Calculator.wsdl
Suds ( https://github.com/cackharot/suds-py3 )  version: 1.4.1.0 IN  build: 20200421

Service ( Calculator ) tns="urn:Calculator"
   Prefixes (1)
      ns0 = "http://schemas.xmlsoap.org/soap/encoding/"
   Ports (1):
      (Calculator)
         Methods (1):
            add(xs:long a, xs:long b, )
         Types (48):
            ns0:Array
            ns0:ENTITIES
            ns0:ENTITY
            ns0:ID
            ns0:IDREF
            ns0:IDREFS
            ns0:NCName
            ns0:NMTOKEN
            ns0:NMTOKENS
            ns0:NOTATION
            ns0:Name
            ns0:QName
            ns0:Struct
            ns0:anyURI
            ns0:arrayCoordinate
            ns0:base64
            ns0:base64Binary
            ns0:boolean
            ns0:byte
            ns0:date
            ns0:dateTime
            ns0:decimal
            ns0:double
            ns0:duration
            ns0:float
            ns0:gDay
            ns0:gMonth
            ns0:gMonthDay
            ns0:gYear
            ns0:gYearMonth
            ns0:hexBinary
            ns0:int
            ns0:integer
            ns0:language
            ns0:long
            ns0:negativeInteger
            ns0:nonNegativeInteger
            ns0:nonPositiveInteger
            ns0:normalizedString
            ns0:positiveInteger
            ns0:short
            ns0:string
            ns0:time
            ns0:token
            ns0:unsignedByte
            ns0:unsignedInt
            ns0:unsignedLong
            ns0:unsignedShort
--------------------------------------------------------------------------------</msg>
<status status="PASS" starttime="20201118 12:33:19.404" endtime="20201118 12:33:19.421"></status>
</kw>
<kw name="Call Soap Method" library="Suds2Library">
<doc>Calls the SOAP method with the given `name` and `args`.</doc>
<arguments>
<arg>add</arg>
<arg>1</arg>
<arg>41</arg>
</arguments>
<assign>
<var>${sum}</var>
</assign>
<msg timestamp="20201118 12:33:19.422" level="INFO">Sending:
&lt;?xml version="1.0" ?&gt;
&lt;SOAP-ENV:Envelope xmlns:SOAP-ENV="http://schemas.xmlsoap.org/soap/envelope/" xmlns:xsi="http://www.w3.org/2001/XMLSchema-instance" xmlns:SOAP-ENC="http://schemas.xmlsoap.org/soap/encoding/" xmlns:ns0="urn:Calculator" xmlns:ns1="http://schemas.xmlsoap.org/soap/encoding/" xmlns:ns2="http://www.w3.org/2001/XMLSchema" xmlns:ns3="http://schemas.xmlsoap.org/soap/envelope/" SOAP-ENV:encodingStyle="http://schemas.xmlsoap.org/soap/encoding/"&gt;
  &lt;SOAP-ENV:Header/&gt;
  &lt;ns3:Body&gt;
    &lt;ns0:add&gt;
      &lt;a xsi:type="ns2:long"&gt;1&lt;/a&gt;
      &lt;b xsi:type="ns2:long"&gt;41&lt;/b&gt;
    &lt;/ns0:add&gt;
  &lt;/ns3:Body&gt;
&lt;/SOAP-ENV:Envelope&gt;
</msg>
<msg timestamp="20201118 12:33:20.441" level="INFO">Received:
&lt;?xml version="1.0" ?&gt;
&lt;SOAP-ENV:Envelope xmlns:SOAP-ENV="http://schemas.xmlsoap.org/soap/envelope/" xmlns:SOAP-ENC="http://schemas.xmlsoap.org/soap/encoding/" xmlns:xsd="http://www.w3.org/2001/XMLSchema" xmlns:ns="urn:Calculator"&gt;
  &lt;SOAP-ENV:Body SOAP-ENV:encodingStyle="http://schemas.xmlsoap.org/soap/encoding/"&gt;
    &lt;ns:addResponse&gt;
      &lt;result&gt;42&lt;/result&gt;
    &lt;/ns:addResponse&gt;
  &lt;/SOAP-ENV:Body&gt;
&lt;/SOAP-ENV:Envelope&gt;
</msg>
<msg timestamp="20201118 12:33:20.442" level="INFO">${sum} = 42</msg>
<status status="PASS" starttime="20201118 12:33:19.421" endtime="20201118 12:33:20.442"></status>
</kw>
<kw name="Should Be Equal As Numbers" library="BuiltIn">
<doc>Fails if objects are unequal after converting them to real numbers.</doc>
<arguments>
<arg>${sum}</arg>
<arg>42</arg>
</arguments>
<msg timestamp="20201118 12:33:20.442" level="INFO">Argument types are:
&lt;class 'int'&gt;
&lt;type 'unicode'&gt;</msg>
<status status="PASS" starttime="20201118 12:33:20.442" endtime="20201118 12:33:20.443"></status>
</kw>
<doc>Local copy of WSDL likely has incorrect locations.</doc>
<status status="PASS" starttime="20201118 12:33:19.404" endtime="20201118 12:33:20.443" critical="yes"></status>
</test>
<test id="s1-s2-t2" name="Complex Argument Using A Dictionary">
<kw name="Create Soap Client" library="Suds2Library">
<doc>Loads a WSDL from the given URL/path and creates a Suds SOAP client.</doc>
<arguments>
<arg>${TEST WSDL URL}</arg>
</arguments>
<msg timestamp="20201118 12:33:21.491" level="INFO">Using WSDL at http://localhost:8080/TestService/soap11/description
Suds ( https://github.com/cackharot/suds-py3 )  version: 1.4.1.0 IN  build: 20200421

Service ( TestService ) tns="urn:TestService"
   Prefixes (2)
      ns0 = "http://schemas.xmlsoap.org/soap/encoding/"
      ns1 = "urn:TestService"
   Ports (1):
      (TestService)
         Methods (4):
            complexTypeArgument(Person person, )
            fault(xs:string fault-string, )
            returnComplexType(xs:string first-name, xs:string last-name, )
            theAnswer()
         Types (49):
            ns0:Array
            ns0:ENTITIES
            ns0:ENTITY
            ns0:ID
            ns0:IDREF
            ns0:IDREFS
            ns0:NCName
            ns0:NMTOKEN
            ns0:NMTOKENS
            ns0:NOTATION
            ns0:Name
            Person
            ns0:QName
            ns0:Struct
            ns0:anyURI
            ns0:arrayCoordinate
            ns0:base64
            ns0:base64Binary
            ns0:boolean
            ns0:byte
            ns0:date
            ns0:dateTime
            ns0:decimal
            ns0:double
            ns0:duration
            ns0:float
            ns0:gDay
            ns0:gMonth
            ns0:gMonthDay
            ns0:gYear
            ns0:gYearMonth
            ns0:hexBinary
            ns0:int
            ns0:integer
            ns0:language
            ns0:long
            ns0:negativeInteger
            ns0:nonNegativeInteger
            ns0:nonPositiveInteger
            ns0:normalizedString
            ns0:positiveInteger
            ns0:short
            ns0:string
            ns0:time
            ns0:token
            ns0:unsignedByte
            ns0:unsignedInt
            ns0:unsignedLong
            ns0:unsignedShort
--------------------------------------------------------------------------------</msg>
<status status="PASS" starttime="20201118 12:33:20.443" endtime="20201118 12:33:21.491"></status>
</kw>
<kw name="Evaluate" library="BuiltIn">
<doc>Evaluates the given expression in Python and returns the result.</doc>
<arguments>
<arg>{'first-name':'George','last-name':'Cooper'}</arg>
</arguments>
<assign>
<var>${dict}</var>
</assign>
<msg timestamp="20201118 12:33:21.491" level="INFO">${dict} = {'first-name': 'George', 'last-name': 'Cooper'}</msg>
<status status="PASS" starttime="20201118 12:33:21.491" endtime="20201118 12:33:21.491"></status>
</kw>
<kw name="Call Soap Method" library="Suds2Library">
<doc>Calls the SOAP method with the given `name` and `args`.</doc>
<arguments>
<arg>complexTypeArgument</arg>
<arg>${dict}</arg>
</arguments>
<assign>
<var>${reply}</var>
</assign>
<msg timestamp="20201118 12:33:21.493" level="INFO">Sending:
&lt;?xml version="1.0" ?&gt;
&lt;SOAP-ENV:Envelope xmlns:SOAP-ENV="http://schemas.xmlsoap.org/soap/envelope/" xmlns:xsi="http://www.w3.org/2001/XMLSchema-instance" xmlns:SOAP-ENC="http://schemas.xmlsoap.org/soap/encoding/" xmlns:ns0="http://schemas.xmlsoap.org/soap/encoding/" xmlns:ns1="http://www.w3.org/2001/XMLSchema" xmlns:ns2="http://schemas.xmlsoap.org/soap/envelope/" xmlns:ns3="urn:TestService" SOAP-ENV:encodingStyle="http://schemas.xmlsoap.org/soap/encoding/"&gt;
  &lt;SOAP-ENV:Header/&gt;
  &lt;ns2:Body&gt;
    &lt;ns3:complexTypeArgument&gt;
      &lt;person xsi:type="ns3:Person"&gt;
        &lt;first-name xsi:type="ns1:string"&gt;George&lt;/first-name&gt;
        &lt;last-name xsi:type="ns1:string"&gt;Cooper&lt;/last-name&gt;
      &lt;/person&gt;
    &lt;/ns3:complexTypeArgument&gt;
  &lt;/ns2:Body&gt;
&lt;/SOAP-ENV:Envelope&gt;
</msg>
<msg timestamp="20201118 12:33:22.500" level="INFO">Received:
&lt;?xml version="1.0" ?&gt;
&lt;SOAP-ENV:Envelope xmlns:SOAP-ENV="http://schemas.xmlsoap.org/soap/envelope/" xmlns:SOAP-ENC="http://schemas.xmlsoap.org/soap/encoding/" xmlns:xsd="http://www.w3.org/2001/XMLSchema" xmlns:ns="urn:TestService"&gt;
  &lt;SOAP-ENV:Body SOAP-ENV:encodingStyle="http://schemas.xmlsoap.org/soap/encoding/"&gt;
    &lt;ns:complexTypeArgumentResponse&gt;
      &lt;result&gt;George Cooper&lt;/result&gt;
    &lt;/ns:complexTypeArgumentResponse&gt;
  &lt;/SOAP-ENV:Body&gt;
&lt;/SOAP-ENV:Envelope&gt;
</msg>
<msg timestamp="20201118 12:33:22.500" level="INFO">${reply} = George Cooper</msg>
<status status="PASS" starttime="20201118 12:33:21.491" endtime="20201118 12:33:22.500"></status>
</kw>
<kw name="Should Be Equal As Strings" library="BuiltIn">
<doc>Fails if objects are unequal after converting them to strings.</doc>
<arguments>
<arg>${reply}</arg>
<arg>George Cooper</arg>
</arguments>
<msg timestamp="20201118 12:33:22.500" level="INFO">Argument types are:
&lt;type 'unicode'&gt;
&lt;type 'unicode'&gt;</msg>
<status status="PASS" starttime="20201118 12:33:22.500" endtime="20201118 12:33:22.500"></status>
</kw>
<doc>This is not the preferred way to use Suds.</doc>
<status status="PASS" starttime="20201118 12:33:20.443" endtime="20201118 12:33:22.501" critical="yes"></status>
</test>
<test id="s1-s2-t3" name="Set Return XML">
<kw name="Create Soap Client" library="Suds2Library">
<doc>Loads a WSDL from the given URL/path and creates a Suds SOAP client.</doc>
<arguments>
<arg>${TEST WSDL URL}</arg>
</arguments>
<msg timestamp="20201118 12:33:23.536" level="INFO">Using WSDL at http://localhost:8080/TestService/soap11/description
Suds ( https://github.com/cackharot/suds-py3 )  version: 1.4.1.0 IN  build: 20200421

Service ( TestService ) tns="urn:TestService"
   Prefixes (2)
      ns0 = "http://schemas.xmlsoap.org/soap/encoding/"
      ns1 = "urn:TestService"
   Ports (1):
      (TestService)
         Methods (4):
            complexTypeArgument(Person person, )
            fault(xs:string fault-string, )
            returnComplexType(xs:string first-name, xs:string last-name, )
            theAnswer()
         Types (49):
            ns0:Array
            ns0:ENTITIES
            ns0:ENTITY
            ns0:ID
            ns0:IDREF
            ns0:IDREFS
            ns0:NCName
            ns0:NMTOKEN
            ns0:NMTOKENS
            ns0:NOTATION
            ns0:Name
            Person
            ns0:QName
            ns0:Struct
            ns0:anyURI
            ns0:arrayCoordinate
            ns0:base64
            ns0:base64Binary
            ns0:boolean
            ns0:byte
            ns0:date
            ns0:dateTime
            ns0:decimal
            ns0:double
            ns0:duration
            ns0:float
            ns0:gDay
            ns0:gMonth
            ns0:gMonthDay
            ns0:gYear
            ns0:gYearMonth
            ns0:hexBinary
            ns0:int
            ns0:integer
            ns0:language
            ns0:long
            ns0:negativeInteger
            ns0:nonNegativeInteger
            ns0:nonPositiveInteger
            ns0:normalizedString
            ns0:positiveInteger
            ns0:short
            ns0:string
            ns0:time
            ns0:token
            ns0:unsignedByte
            ns0:unsignedInt
            ns0:unsignedLong
            ns0:unsignedShort
--------------------------------------------------------------------------------</msg>
<status status="PASS" starttime="20201118 12:33:22.501" endtime="20201118 12:33:23.536"></status>
</kw>
<kw name="Set Return Xml" library="Suds2Library">
<doc>Sets whether to return XML in future requests.</doc>
<arguments>
<arg>True</arg>
</arguments>
<assign>
<var>${initial value}</var>
</assign>
<msg timestamp="20201118 12:33:23.537" level="INFO">${initial value} = False</msg>
<status status="PASS" starttime="20201118 12:33:23.537" endtime="20201118 12:33:23.537"></status>
</kw>
<kw name="Should Not Be True" library="BuiltIn">
<doc>Fails if the given condition is true.</doc>
<arguments>
<arg>${initial value}</arg>
</arguments>
<status status="PASS" starttime="20201118 12:33:23.537" endtime="20201118 12:33:23.537"></status>
</kw>
<kw name="Call Soap Method" library="Suds2Library">
<doc>Calls the SOAP method with the given `name` and `args`.</doc>
<arguments>
<arg>returnComplexType</arg>
<arg>John</arg>
<arg>Parsons</arg>
</arguments>
<assign>
<var>${resp}</var>
</assign>
<msg timestamp="20201118 12:33:23.538" level="INFO">Sending:
&lt;?xml version="1.0" ?&gt;
&lt;SOAP-ENV:Envelope xmlns:SOAP-ENV="http://schemas.xmlsoap.org/soap/envelope/" xmlns:xsi="http://www.w3.org/2001/XMLSchema-instance" xmlns:SOAP-ENC="http://schemas.xmlsoap.org/soap/encoding/" xmlns:ns0="http://schemas.xmlsoap.org/soap/encoding/" xmlns:ns1="http://www.w3.org/2001/XMLSchema" xmlns:ns2="http://schemas.xmlsoap.org/soap/envelope/" xmlns:ns3="urn:TestService" SOAP-ENV:encodingStyle="http://schemas.xmlsoap.org/soap/encoding/"&gt;
  &lt;SOAP-ENV:Header/&gt;
  &lt;ns2:Body&gt;
    &lt;ns3:returnComplexType&gt;
      &lt;first-name xsi:type="ns1:string"&gt;John&lt;/first-name&gt;
      &lt;last-name xsi:type="ns1:string"&gt;Parsons&lt;/last-name&gt;
    &lt;/ns3:returnComplexType&gt;
  &lt;/ns2:Body&gt;
&lt;/SOAP-ENV:Envelope&gt;
</msg>
<msg timestamp="20201118 12:33:24.568" level="INFO">Received:
&lt;?xml version="1.0" ?&gt;
&lt;SOAP-ENV:Envelope xmlns:SOAP-ENV="http://schemas.xmlsoap.org/soap/envelope/" xmlns:SOAP-ENC="http://schemas.xmlsoap.org/soap/encoding/" xmlns:xsd="http://www.w3.org/2001/XMLSchema" xmlns:ns="urn:TestService"&gt;
  &lt;SOAP-ENV:Body SOAP-ENV:encodingStyle="http://schemas.xmlsoap.org/soap/encoding/"&gt;
    &lt;ns:returnComplexTypeResponse&gt;
      &lt;result&gt;
        &lt;first-name&gt;John&lt;/first-name&gt;
        &lt;last-name&gt;Parsons&lt;/last-name&gt;
      &lt;/result&gt;
    &lt;/ns:returnComplexTypeResponse&gt;
  &lt;/SOAP-ENV:Body&gt;
&lt;/SOAP-ENV:Envelope&gt;
</msg>
<msg timestamp="20201118 12:33:24.568" level="INFO">${resp} = &lt;?xml version="1.0" encoding="utf-8"?&gt;&lt;SOAP-ENV:Envelope xmlns:SOAP-ENV="http://schemas.xmlsoap.org/soap/envelope/" xmlns:SOAP-ENC="http://schemas.xmlsoap.org/soap/encoding/" xmlns:xsd="http://www.w3....</msg>
<status status="PASS" starttime="20201118 12:33:23.537" endtime="20201118 12:33:24.568"></status>
</kw>
<kw name="Should Be Equal As Strings" library="BuiltIn">
<doc>Fails if objects are unequal after converting them to strings.</doc>
<arguments>
<arg>${resp}</arg>
<arg>${JOHN PARSONS}</arg>
</arguments>
<status status="PASS" starttime="20201118 12:33:24.568" endtime="20201118 12:33:24.569"></status>
</kw>
<kw name="Set Return Xml" library="Suds2Library">
<doc>Sets whether to return XML in future requests.</doc>
<arguments>
<arg>false</arg>
</arguments>
<assign>
<var>${new value}</var>
</assign>
<msg timestamp="20201118 12:33:24.569" level="INFO">${new value} = True</msg>
<status status="PASS" starttime="20201118 12:33:24.569" endtime="20201118 12:33:24.569"></status>
</kw>
<kw name="Should Be True" library="BuiltIn">
<doc>Fails if the given condition is not true.</doc>
<arguments>
<arg>${new value}</arg>
</arguments>
<status status="PASS" starttime="20201118 12:33:24.569" endtime="20201118 12:33:24.570"></status>
</kw>
<kw name="Call Soap Method" library="Suds2Library">
<doc>Calls the SOAP method with the given `name` and `args`.</doc>
<arguments>
<arg>returnComplexType</arg>
<arg>John</arg>
<arg>Parsons</arg>
</arguments>
<assign>
<var>${resp}</var>
</assign>
<msg timestamp="20201118 12:33:24.571" level="INFO">Sending:
&lt;?xml version="1.0" ?&gt;
&lt;SOAP-ENV:Envelope xmlns:SOAP-ENV="http://schemas.xmlsoap.org/soap/envelope/" xmlns:xsi="http://www.w3.org/2001/XMLSchema-instance" xmlns:SOAP-ENC="http://schemas.xmlsoap.org/soap/encoding/" xmlns:ns0="http://schemas.xmlsoap.org/soap/encoding/" xmlns:ns1="http://www.w3.org/2001/XMLSchema" xmlns:ns2="http://schemas.xmlsoap.org/soap/envelope/" xmlns:ns3="urn:TestService" SOAP-ENV:encodingStyle="http://schemas.xmlsoap.org/soap/encoding/"&gt;
  &lt;SOAP-ENV:Header/&gt;
  &lt;ns2:Body&gt;
    &lt;ns3:returnComplexType&gt;
      &lt;first-name xsi:type="ns1:string"&gt;John&lt;/first-name&gt;
      &lt;last-name xsi:type="ns1:string"&gt;Parsons&lt;/last-name&gt;
    &lt;/ns3:returnComplexType&gt;
  &lt;/ns2:Body&gt;
&lt;/SOAP-ENV:Envelope&gt;
</msg>
<msg timestamp="20201118 12:33:25.589" level="INFO">Received:
&lt;?xml version="1.0" ?&gt;
&lt;SOAP-ENV:Envelope xmlns:SOAP-ENV="http://schemas.xmlsoap.org/soap/envelope/" xmlns:SOAP-ENC="http://schemas.xmlsoap.org/soap/encoding/" xmlns:xsd="http://www.w3.org/2001/XMLSchema" xmlns:ns="urn:TestService"&gt;
  &lt;SOAP-ENV:Body SOAP-ENV:encodingStyle="http://schemas.xmlsoap.org/soap/encoding/"&gt;
    &lt;ns:returnComplexTypeResponse&gt;
      &lt;result&gt;
        &lt;first-name&gt;John&lt;/first-name&gt;
        &lt;last-name&gt;Parsons&lt;/last-name&gt;
      &lt;/result&gt;
    &lt;/ns:returnComplexTypeResponse&gt;
  &lt;/SOAP-ENV:Body&gt;
&lt;/SOAP-ENV:Envelope&gt;
</msg>
<msg timestamp="20201118 12:33:25.590" level="INFO">${resp} = (Person){
   first-name = "John"
   last-name = "Parsons"
 }</msg>
<status status="PASS" starttime="20201118 12:33:24.570" endtime="20201118 12:33:25.590"></status>
</kw>
<kw name="Should Not Be Equal As Strings" library="BuiltIn">
<doc>Fails if objects are equal after converting them to strings.</doc>
<arguments>
<arg>${resp}</arg>
<arg>${JOHN PARSONS}</arg>
</arguments>
<msg timestamp="20201118 12:33:25.590" level="INFO">Argument types are:
&lt;class 'suds.sudsobject.Person'&gt;
&lt;type 'unicode'&gt;</msg>
<status status="PASS" starttime="20201118 12:33:25.590" endtime="20201118 12:33:25.591"></status>
</kw>
<status status="PASS" starttime="20201118 12:33:22.501" endtime="20201118 12:33:25.591" critical="yes"></status>
</test>
<test id="s1-s2-t4" name="Unexpected Fault">
<kw name="Create Soap Client" library="Suds2Library">
<doc>Loads a WSDL from the given URL/path and creates a Suds SOAP client.</doc>
<arguments>
<arg>${TEST WSDL URL}</arg>
</arguments>
<msg timestamp="20201118 12:33:26.617" level="INFO">Using WSDL at http://localhost:8080/TestService/soap11/description
Suds ( https://github.com/cackharot/suds-py3 )  version: 1.4.1.0 IN  build: 20200421

Service ( TestService ) tns="urn:TestService"
   Prefixes (2)
      ns0 = "http://schemas.xmlsoap.org/soap/encoding/"
      ns1 = "urn:TestService"
   Ports (1):
      (TestService)
         Methods (4):
            complexTypeArgument(Person person, )
            fault(xs:string fault-string, )
            returnComplexType(xs:string first-name, xs:string last-name, )
            theAnswer()
         Types (49):
            ns0:Array
            ns0:ENTITIES
            ns0:ENTITY
            ns0:ID
            ns0:IDREF
            ns0:IDREFS
            ns0:NCName
            ns0:NMTOKEN
            ns0:NMTOKENS
            ns0:NOTATION
            ns0:Name
            Person
            ns0:QName
            ns0:Struct
            ns0:anyURI
            ns0:arrayCoordinate
            ns0:base64
            ns0:base64Binary
            ns0:boolean
            ns0:byte
            ns0:date
            ns0:dateTime
            ns0:decimal
            ns0:double
            ns0:duration
            ns0:float
            ns0:gDay
            ns0:gMonth
            ns0:gMonthDay
            ns0:gYear
            ns0:gYearMonth
            ns0:hexBinary
            ns0:int
            ns0:integer
            ns0:language
            ns0:long
            ns0:negativeInteger
            ns0:nonNegativeInteger
            ns0:nonPositiveInteger
            ns0:normalizedString
            ns0:positiveInteger
            ns0:short
            ns0:string
            ns0:time
            ns0:token
            ns0:unsignedByte
            ns0:unsignedInt
            ns0:unsignedLong
            ns0:unsignedShort
--------------------------------------------------------------------------------</msg>
<status status="PASS" starttime="20201118 12:33:25.591" endtime="20201118 12:33:26.617"></status>
</kw>
<kw name="Run Keyword And Expect Error" library="BuiltIn">
<doc>Runs the keyword and checks that the expected error occurred.</doc>
<arguments>
<arg>WebFault: b"Server raised fault: 'fault message'"</arg>
<arg>Call Soap Method</arg>
<arg>fault</arg>
<arg>fault message</arg>
</arguments>
<kw name="Call Soap Method" library="Suds2Library">
<doc>Calls the SOAP method with the given `name` and `args`.</doc>
<arguments>
<arg>fault</arg>
<arg>fault message</arg>
</arguments>
<msg timestamp="20201118 12:33:26.618" level="INFO">Sending:
&lt;?xml version="1.0" ?&gt;
&lt;SOAP-ENV:Envelope xmlns:SOAP-ENV="http://schemas.xmlsoap.org/soap/envelope/" xmlns:xsi="http://www.w3.org/2001/XMLSchema-instance" xmlns:SOAP-ENC="http://schemas.xmlsoap.org/soap/encoding/" xmlns:ns0="http://schemas.xmlsoap.org/soap/encoding/" xmlns:ns1="http://www.w3.org/2001/XMLSchema" xmlns:ns2="http://schemas.xmlsoap.org/soap/envelope/" xmlns:ns3="urn:TestService" SOAP-ENV:encodingStyle="http://schemas.xmlsoap.org/soap/encoding/"&gt;
  &lt;SOAP-ENV:Header/&gt;
  &lt;ns2:Body&gt;
    &lt;ns3:fault&gt;
      &lt;fault-string xsi:type="ns1:string"&gt;fault message&lt;/fault-string&gt;
    &lt;/ns3:fault&gt;
  &lt;/ns2:Body&gt;
&lt;/SOAP-ENV:Envelope&gt;
</msg>
<msg timestamp="20201118 12:33:27.630" level="INFO">Received:
&lt;?xml version="1.0" ?&gt;
&lt;SOAP-ENV:Envelope xmlns:SOAP-ENV="http://schemas.xmlsoap.org/soap/envelope/" xmlns:xsi="http://www.w3.org/1999/XMLSchema-instance" xmlns:xsd="http://www.w3.org/1999/XMLSchema"&gt;
  
    
  &lt;SOAP-ENV:Body&gt;
    
        
    &lt;SOAP-ENV:Fault&gt;
      
            
      &lt;faultcode xsi:type="xsd:string"&gt;server&lt;/faultcode&gt;
      
            
      &lt;faultstring xsi:type="xsd:string"&gt;fault message&lt;/faultstring&gt;
      
            
      &lt;detail&gt;Traceback (most recent call last):
  File &amp;quot;C:\Python38\lib\site-packages\ladon\server\dispatcher.py&amp;quot;, line 200, in dispatch_request
    result = self.call_method(
  File &amp;quot;C:\Python38\lib\site-packages\ladon\server\dispatcher.py&amp;quot;, line 132, in call_method
    result = getattr(service_class_instance,
  File &amp;quot;C:\Python38\lib\site-packages\ladon\ladonizer\decorator.py&amp;quot;, line 115, in injector
    res = f(*args, **kw)
  File &amp;quot;C:\Users\mparvu\IdeaProjects\robotframework-sudslibrary\atest\resources\services\testservice.py&amp;quot;, line 30, in fault
    raise RuntimeError(fault_string)
RuntimeError: fault message

Processing incoming argument: &amp;quot;fault_string&amp;quot;&lt;/detail&gt;
      
        
    &lt;/SOAP-ENV:Fault&gt;
    
    
  &lt;/SOAP-ENV:Body&gt;
  

&lt;/SOAP-ENV:Envelope&gt;
</msg>
<msg timestamp="20201118 12:33:27.632" level="FAIL">WebFault: b"Server raised fault: 'fault message'"</msg>
<status status="FAIL" starttime="20201118 12:33:26.618" endtime="20201118 12:33:27.632"></status>
</kw>
<status status="PASS" starttime="20201118 12:33:26.617" endtime="20201118 12:33:27.632"></status>
</kw>
<status status="PASS" starttime="20201118 12:33:25.591" endtime="20201118 12:33:27.633" critical="yes"></status>
</test>
<test id="s1-s2-t5" name="Expecting Fault">
<kw name="Create Soap Client" library="Suds2Library">
<doc>Loads a WSDL from the given URL/path and creates a Suds SOAP client.</doc>
<arguments>
<arg>${TEST WSDL URL}</arg>
</arguments>
<msg timestamp="20201118 12:33:28.656" level="INFO">Using WSDL at http://localhost:8080/TestService/soap11/description
Suds ( https://github.com/cackharot/suds-py3 )  version: 1.4.1.0 IN  build: 20200421

Service ( TestService ) tns="urn:TestService"
   Prefixes (2)
      ns0 = "http://schemas.xmlsoap.org/soap/encoding/"
      ns1 = "urn:TestService"
   Ports (1):
      (TestService)
         Methods (4):
            complexTypeArgument(Person person, )
            fault(xs:string fault-string, )
            returnComplexType(xs:string first-name, xs:string last-name, )
            theAnswer()
         Types (49):
            ns0:Array
            ns0:ENTITIES
            ns0:ENTITY
            ns0:ID
            ns0:IDREF
            ns0:IDREFS
            ns0:NCName
            ns0:NMTOKEN
            ns0:NMTOKENS
            ns0:NOTATION
            ns0:Name
            Person
            ns0:QName
            ns0:Struct
            ns0:anyURI
            ns0:arrayCoordinate
            ns0:base64
            ns0:base64Binary
            ns0:boolean
            ns0:byte
            ns0:date
            ns0:dateTime
            ns0:decimal
            ns0:double
            ns0:duration
            ns0:float
            ns0:gDay
            ns0:gMonth
            ns0:gMonthDay
            ns0:gYear
            ns0:gYearMonth
            ns0:hexBinary
            ns0:int
            ns0:integer
            ns0:language
            ns0:long
            ns0:negativeInteger
            ns0:nonNegativeInteger
            ns0:nonPositiveInteger
            ns0:normalizedString
            ns0:positiveInteger
            ns0:short
            ns0:string
            ns0:time
            ns0:token
            ns0:unsignedByte
            ns0:unsignedInt
            ns0:unsignedLong
            ns0:unsignedShort
--------------------------------------------------------------------------------</msg>
<status status="PASS" starttime="20201118 12:33:27.633" endtime="20201118 12:33:28.657"></status>
</kw>
<kw name="Call Soap Method Expecting Fault" library="Suds2Library">
<doc>Calls the SOAP method expecting the server to raise a fault.</doc>
<arguments>
<arg>fault</arg>
<arg>the sky is falling</arg>
</arguments>
<assign>
<var>${fault}</var>
</assign>
<msg timestamp="20201118 12:33:28.658" level="INFO">Sending:
&lt;?xml version="1.0" ?&gt;
&lt;SOAP-ENV:Envelope xmlns:SOAP-ENV="http://schemas.xmlsoap.org/soap/envelope/" xmlns:xsi="http://www.w3.org/2001/XMLSchema-instance" xmlns:SOAP-ENC="http://schemas.xmlsoap.org/soap/encoding/" xmlns:ns0="http://schemas.xmlsoap.org/soap/encoding/" xmlns:ns1="http://www.w3.org/2001/XMLSchema" xmlns:ns2="http://schemas.xmlsoap.org/soap/envelope/" xmlns:ns3="urn:TestService" SOAP-ENV:encodingStyle="http://schemas.xmlsoap.org/soap/encoding/"&gt;
  &lt;SOAP-ENV:Header/&gt;
  &lt;ns2:Body&gt;
    &lt;ns3:fault&gt;
      &lt;fault-string xsi:type="ns1:string"&gt;the sky is falling&lt;/fault-string&gt;
    &lt;/ns3:fault&gt;
  &lt;/ns2:Body&gt;
&lt;/SOAP-ENV:Envelope&gt;
</msg>
<msg timestamp="20201118 12:33:29.677" level="INFO">Received:
&lt;?xml version="1.0" ?&gt;
&lt;SOAP-ENV:Envelope xmlns:SOAP-ENV="http://schemas.xmlsoap.org/soap/envelope/" xmlns:xsi="http://www.w3.org/1999/XMLSchema-instance" xmlns:xsd="http://www.w3.org/1999/XMLSchema"&gt;
  
    
  &lt;SOAP-ENV:Body&gt;
    
        
    &lt;SOAP-ENV:Fault&gt;
      
            
      &lt;faultcode xsi:type="xsd:string"&gt;server&lt;/faultcode&gt;
      
            
      &lt;faultstring xsi:type="xsd:string"&gt;the sky is falling&lt;/faultstring&gt;
      
            
      &lt;detail&gt;Traceback (most recent call last):
  File &amp;quot;C:\Python38\lib\site-packages\ladon\server\dispatcher.py&amp;quot;, line 200, in dispatch_request
    result = self.call_method(
  File &amp;quot;C:\Python38\lib\site-packages\ladon\server\dispatcher.py&amp;quot;, line 132, in call_method
    result = getattr(service_class_instance,
  File &amp;quot;C:\Python38\lib\site-packages\ladon\ladonizer\decorator.py&amp;quot;, line 115, in injector
    res = f(*args, **kw)
  File &amp;quot;C:\Users\mparvu\IdeaProjects\robotframework-sudslibrary\atest\resources\services\testservice.py&amp;quot;, line 30, in fault
    raise RuntimeError(fault_string)
RuntimeError: the sky is falling

Processing incoming argument: &amp;quot;fault_string&amp;quot;&lt;/detail&gt;
      
        
    &lt;/SOAP-ENV:Fault&gt;
    
    
  &lt;/SOAP-ENV:Body&gt;
  

&lt;/SOAP-ENV:Envelope&gt;
</msg>
<msg timestamp="20201118 12:33:29.678" level="INFO">${fault} = (Fault){
   faultcode = "server"
   faultstring = "the sky is falling"
   detail = "Traceback (most recent call last):
  File "C:\Python38\lib\site-packages\ladon\server\dispatcher.py", line 200, in d...</msg>
<status status="PASS" starttime="20201118 12:33:28.657" endtime="20201118 12:33:29.678"></status>
</kw>
<kw name="Should Be Equal As Strings" library="BuiltIn">
<doc>Fails if objects are unequal after converting them to strings.</doc>
<arguments>
<arg>${fault.faultstring}</arg>
<arg>the sky is falling</arg>
</arguments>
<msg timestamp="20201118 12:33:29.678" level="INFO">Argument types are:
&lt;type 'unicode'&gt;
&lt;type 'unicode'&gt;</msg>
<status status="PASS" starttime="20201118 12:33:29.678" endtime="20201118 12:33:29.678"></status>
</kw>
<status status="PASS" starttime="20201118 12:33:27.633" endtime="20201118 12:33:29.678" critical="yes"></status>
</test>
<test id="s1-s2-t6" name="Expecting Fault But No Fault Occurs">
<kw name="Create Soap Client" library="Suds2Library">
<doc>Loads a WSDL from the given URL/path and creates a Suds SOAP client.</doc>
<arguments>
<arg>${TEST WSDL URL}</arg>
</arguments>
<msg timestamp="20201118 12:33:30.724" level="INFO">Using WSDL at http://localhost:8080/TestService/soap11/description
Suds ( https://github.com/cackharot/suds-py3 )  version: 1.4.1.0 IN  build: 20200421

Service ( TestService ) tns="urn:TestService"
   Prefixes (2)
      ns0 = "http://schemas.xmlsoap.org/soap/encoding/"
      ns1 = "urn:TestService"
   Ports (1):
      (TestService)
         Methods (4):
            complexTypeArgument(Person person, )
            fault(xs:string fault-string, )
            returnComplexType(xs:string first-name, xs:string last-name, )
            theAnswer()
         Types (49):
            ns0:Array
            ns0:ENTITIES
            ns0:ENTITY
            ns0:ID
            ns0:IDREF
            ns0:IDREFS
            ns0:NCName
            ns0:NMTOKEN
            ns0:NMTOKENS
            ns0:NOTATION
            ns0:Name
            Person
            ns0:QName
            ns0:Struct
            ns0:anyURI
            ns0:arrayCoordinate
            ns0:base64
            ns0:base64Binary
            ns0:boolean
            ns0:byte
            ns0:date
            ns0:dateTime
            ns0:decimal
            ns0:double
            ns0:duration
            ns0:float
            ns0:gDay
            ns0:gMonth
            ns0:gMonthDay
            ns0:gYear
            ns0:gYearMonth
            ns0:hexBinary
            ns0:int
            ns0:integer
            ns0:language
            ns0:long
            ns0:negativeInteger
            ns0:nonNegativeInteger
            ns0:nonPositiveInteger
            ns0:normalizedString
            ns0:positiveInteger
            ns0:short
            ns0:string
            ns0:time
            ns0:token
            ns0:unsignedByte
            ns0:unsignedInt
            ns0:unsignedLong
            ns0:unsignedShort
--------------------------------------------------------------------------------</msg>
<status status="PASS" starttime="20201118 12:33:29.679" endtime="20201118 12:33:30.725"></status>
</kw>
<kw name="Run Keyword And Expect Error" library="BuiltIn">
<doc>Runs the keyword and checks that the expected error occurred.</doc>
<arguments>
<arg>The server did not raise a fault.</arg>
<arg>Call Soap Method Expecting Fault</arg>
<arg>theAnswer</arg>
</arguments>
<kw name="Call Soap Method Expecting Fault" library="Suds2Library">
<doc>Calls the SOAP method expecting the server to raise a fault.</doc>
<arguments>
<arg>theAnswer</arg>
</arguments>
<msg timestamp="20201118 12:33:30.726" level="INFO">Sending:
&lt;?xml version="1.0" ?&gt;
&lt;SOAP-ENV:Envelope xmlns:SOAP-ENV="http://schemas.xmlsoap.org/soap/envelope/" xmlns:xsi="http://www.w3.org/2001/XMLSchema-instance" xmlns:SOAP-ENC="http://schemas.xmlsoap.org/soap/encoding/" xmlns:ns0="http://schemas.xmlsoap.org/soap/encoding/" xmlns:ns1="http://schemas.xmlsoap.org/soap/envelope/" xmlns:ns2="urn:TestService" SOAP-ENV:encodingStyle="http://schemas.xmlsoap.org/soap/encoding/"&gt;
  &lt;SOAP-ENV:Header/&gt;
  &lt;ns1:Body&gt;
    &lt;ns2:theAnswer/&gt;
  &lt;/ns1:Body&gt;
&lt;/SOAP-ENV:Envelope&gt;
</msg>
<msg timestamp="20201118 12:33:31.735" level="INFO">Received:
&lt;?xml version="1.0" ?&gt;
&lt;SOAP-ENV:Envelope xmlns:SOAP-ENV="http://schemas.xmlsoap.org/soap/envelope/" xmlns:SOAP-ENC="http://schemas.xmlsoap.org/soap/encoding/" xmlns:xsd="http://www.w3.org/2001/XMLSchema" xmlns:ns="urn:TestService"&gt;
  &lt;SOAP-ENV:Body SOAP-ENV:encodingStyle="http://schemas.xmlsoap.org/soap/encoding/"&gt;
    &lt;ns:theAnswerResponse&gt;
      &lt;result&gt;42&lt;/result&gt;
    &lt;/ns:theAnswerResponse&gt;
  &lt;/SOAP-ENV:Body&gt;
&lt;/SOAP-ENV:Envelope&gt;
</msg>
<msg timestamp="20201118 12:33:31.736" level="FAIL">The server did not raise a fault.</msg>
<status status="FAIL" starttime="20201118 12:33:30.725" endtime="20201118 12:33:31.736"></status>
</kw>
<status status="PASS" starttime="20201118 12:33:30.725" endtime="20201118 12:33:31.736"></status>
</kw>
<status status="PASS" starttime="20201118 12:33:29.679" endtime="20201118 12:33:31.736" critical="yes"></status>
</test>
<test id="s1-s2-t7" name="Expecting Fault w/ retxml">
<kw name="Create Soap Client" library="Suds2Library">
<doc>Loads a WSDL from the given URL/path and creates a Suds SOAP client.</doc>
<arguments>
<arg>${TEST WSDL URL}</arg>
</arguments>
<msg timestamp="20201118 12:33:32.770" level="INFO">Using WSDL at http://localhost:8080/TestService/soap11/description
Suds ( https://github.com/cackharot/suds-py3 )  version: 1.4.1.0 IN  build: 20200421

Service ( TestService ) tns="urn:TestService"
   Prefixes (2)
      ns0 = "http://schemas.xmlsoap.org/soap/encoding/"
      ns1 = "urn:TestService"
   Ports (1):
      (TestService)
         Methods (4):
            complexTypeArgument(Person person, )
            fault(xs:string fault-string, )
            returnComplexType(xs:string first-name, xs:string last-name, )
            theAnswer()
         Types (49):
            ns0:Array
            ns0:ENTITIES
            ns0:ENTITY
            ns0:ID
            ns0:IDREF
            ns0:IDREFS
            ns0:NCName
            ns0:NMTOKEN
            ns0:NMTOKENS
            ns0:NOTATION
            ns0:Name
            Person
            ns0:QName
            ns0:Struct
            ns0:anyURI
            ns0:arrayCoordinate
            ns0:base64
            ns0:base64Binary
            ns0:boolean
            ns0:byte
            ns0:date
            ns0:dateTime
            ns0:decimal
            ns0:double
            ns0:duration
            ns0:float
            ns0:gDay
            ns0:gMonth
            ns0:gMonthDay
            ns0:gYear
            ns0:gYearMonth
            ns0:hexBinary
            ns0:int
            ns0:integer
            ns0:language
            ns0:long
            ns0:negativeInteger
            ns0:nonNegativeInteger
            ns0:nonPositiveInteger
            ns0:normalizedString
            ns0:positiveInteger
            ns0:short
            ns0:string
            ns0:time
            ns0:token
            ns0:unsignedByte
            ns0:unsignedInt
            ns0:unsignedLong
            ns0:unsignedShort
--------------------------------------------------------------------------------</msg>
<status status="PASS" starttime="20201118 12:33:31.737" endtime="20201118 12:33:32.771"></status>
</kw>
<kw name="Set Return Xml" library="Suds2Library">
<doc>Sets whether to return XML in future requests.</doc>
<arguments>
<arg>true</arg>
</arguments>
<status status="PASS" starttime="20201118 12:33:32.771" endtime="20201118 12:33:32.771"></status>
</kw>
<kw name="Call Soap Method Expecting Fault" library="Suds2Library">
<doc>Calls the SOAP method expecting the server to raise a fault.</doc>
<arguments>
<arg>fault</arg>
<arg>oh no</arg>
</arguments>
<assign>
<var>${resp}</var>
</assign>
<msg timestamp="20201118 12:33:32.772" level="INFO">Sending:
&lt;?xml version="1.0" ?&gt;
&lt;SOAP-ENV:Envelope xmlns:SOAP-ENV="http://schemas.xmlsoap.org/soap/envelope/" xmlns:xsi="http://www.w3.org/2001/XMLSchema-instance" xmlns:SOAP-ENC="http://schemas.xmlsoap.org/soap/encoding/" xmlns:ns0="http://schemas.xmlsoap.org/soap/encoding/" xmlns:ns1="http://www.w3.org/2001/XMLSchema" xmlns:ns2="http://schemas.xmlsoap.org/soap/envelope/" xmlns:ns3="urn:TestService" SOAP-ENV:encodingStyle="http://schemas.xmlsoap.org/soap/encoding/"&gt;
  &lt;SOAP-ENV:Header/&gt;
  &lt;ns2:Body&gt;
    &lt;ns3:fault&gt;
      &lt;fault-string xsi:type="ns1:string"&gt;oh no&lt;/fault-string&gt;
    &lt;/ns3:fault&gt;
  &lt;/ns2:Body&gt;
&lt;/SOAP-ENV:Envelope&gt;
</msg>
<msg timestamp="20201118 12:33:33.794" level="INFO">Received:
&lt;?xml version="1.0" ?&gt;
&lt;SOAP-ENV:Envelope xmlns:SOAP-ENV="http://schemas.xmlsoap.org/soap/envelope/" xmlns:xsi="http://www.w3.org/1999/XMLSchema-instance" xmlns:xsd="http://www.w3.org/1999/XMLSchema"&gt;
  
    
  &lt;SOAP-ENV:Body&gt;
    
        
    &lt;SOAP-ENV:Fault&gt;
      
            
      &lt;faultcode xsi:type="xsd:string"&gt;server&lt;/faultcode&gt;
      
            
      &lt;faultstring xsi:type="xsd:string"&gt;oh no&lt;/faultstring&gt;
      
            
      &lt;detail&gt;Traceback (most recent call last):
  File &amp;quot;C:\Python38\lib\site-packages\ladon\server\dispatcher.py&amp;quot;, line 200, in dispatch_request
    result = self.call_method(
  File &amp;quot;C:\Python38\lib\site-packages\ladon\server\dispatcher.py&amp;quot;, line 132, in call_method
    result = getattr(service_class_instance,
  File &amp;quot;C:\Python38\lib\site-packages\ladon\ladonizer\decorator.py&amp;quot;, line 115, in injector
    res = f(*args, **kw)
  File &amp;quot;C:\Users\mparvu\IdeaProjects\robotframework-sudslibrary\atest\resources\services\testservice.py&amp;quot;, line 30, in fault
    raise RuntimeError(fault_string)
RuntimeError: oh no

Processing incoming argument: &amp;quot;fault_string&amp;quot;&lt;/detail&gt;
      
        
    &lt;/SOAP-ENV:Fault&gt;
    
    
  &lt;/SOAP-ENV:Body&gt;
  

&lt;/SOAP-ENV:Envelope&gt;
</msg>
<msg timestamp="20201118 12:33:33.795" level="INFO">${resp} = &lt;?xml version="1.0" encoding="utf-8"?&gt;&lt;SOAP-ENV:Envelope xmlns:SOAP-ENV="http://schemas.xmlsoap.org/soap/envelope/" xmlns:xsi="http://www.w3.org/1999/XMLSchema-instance" xmlns:xsd="http://www.w3.org/1...</msg>
<status status="PASS" starttime="20201118 12:33:32.771" endtime="20201118 12:33:33.795"></status>
</kw>
<kw name="Should Start With" library="BuiltIn">
<doc>Fails if the string ``str1`` does not start with the string ``str2``.</doc>
<arguments>
<arg>${resp}</arg>
<arg>&lt;?xml</arg>
</arguments>
<status status="PASS" starttime="20201118 12:33:33.795" endtime="20201118 12:33:33.795"></status>
</kw>
<kw name="Element Text Should Be" library="XML">
<doc>Verifies that the text of the specified element is ``expected``.</doc>
<arguments>
<arg>${resp}</arg>
<arg>oh no</arg>
<arg>Body/Fault/faultstring</arg>
</arguments>
<status status="PASS" starttime="20201118 12:33:33.795" endtime="20201118 12:33:33.796"></status>
</kw>
<status status="PASS" starttime="20201118 12:33:31.737" endtime="20201118 12:33:33.796" critical="yes"></status>
</test>
<test id="s1-s2-t8" name="Complex Type Argument">
<kw name="Create Soap Client" library="Suds2Library">
<doc>Loads a WSDL from the given URL/path and creates a Suds SOAP client.</doc>
<arguments>
<arg>${TEST WSDL URL}</arg>
</arguments>
<msg timestamp="20201118 12:33:34.821" level="INFO">Using WSDL at http://localhost:8080/TestService/soap11/description
Suds ( https://github.com/cackharot/suds-py3 )  version: 1.4.1.0 IN  build: 20200421

Service ( TestService ) tns="urn:TestService"
   Prefixes (2)
      ns0 = "http://schemas.xmlsoap.org/soap/encoding/"
      ns1 = "urn:TestService"
   Ports (1):
      (TestService)
         Methods (4):
            complexTypeArgument(Person person, )
            fault(xs:string fault-string, )
            returnComplexType(xs:string first-name, xs:string last-name, )
            theAnswer()
         Types (49):
            ns0:Array
            ns0:ENTITIES
            ns0:ENTITY
            ns0:ID
            ns0:IDREF
            ns0:IDREFS
            ns0:NCName
            ns0:NMTOKEN
            ns0:NMTOKENS
            ns0:NOTATION
            ns0:Name
            Person
            ns0:QName
            ns0:Struct
            ns0:anyURI
            ns0:arrayCoordinate
            ns0:base64
            ns0:base64Binary
            ns0:boolean
            ns0:byte
            ns0:date
            ns0:dateTime
            ns0:decimal
            ns0:double
            ns0:duration
            ns0:float
            ns0:gDay
            ns0:gMonth
            ns0:gMonthDay
            ns0:gYear
            ns0:gYearMonth
            ns0:hexBinary
            ns0:int
            ns0:integer
            ns0:language
            ns0:long
            ns0:negativeInteger
            ns0:nonNegativeInteger
            ns0:nonPositiveInteger
            ns0:normalizedString
            ns0:positiveInteger
            ns0:short
            ns0:string
            ns0:time
            ns0:token
            ns0:unsignedByte
            ns0:unsignedInt
            ns0:unsignedLong
            ns0:unsignedShort
--------------------------------------------------------------------------------</msg>
<status status="PASS" starttime="20201118 12:33:33.797" endtime="20201118 12:33:34.821"></status>
</kw>
<kw name="Create Wsdl Object" library="Suds2Library">
<doc>Creates a WSDL object of the specified `type`.</doc>
<arguments>
<arg>Person</arg>
</arguments>
<assign>
<var>${person}</var>
</assign>
<msg timestamp="20201118 12:33:34.822" level="INFO">${person} = (Person){
   first-name = None
   last-name = None
 }</msg>
<status status="PASS" starttime="20201118 12:33:34.821" endtime="20201118 12:33:34.822"></status>
</kw>
<kw name="Set Wsdl Object Attribute" library="Suds2Library">
<doc>Sets the attribute of a WSDL object.</doc>
<arguments>
<arg>${person}</arg>
<arg>first-name</arg>
<arg>Phillip</arg>
</arguments>
<status status="PASS" starttime="20201118 12:33:34.822" endtime="20201118 12:33:34.822"></status>
</kw>
<kw name="Set Wsdl Object Attribute" library="Suds2Library">
<doc>Sets the attribute of a WSDL object.</doc>
<arguments>
<arg>${person}</arg>
<arg>last-name</arg>
<arg>McCann</arg>
</arguments>
<status status="PASS" starttime="20201118 12:33:34.822" endtime="20201118 12:33:34.822"></status>
</kw>
<kw name="Call Soap Method" library="Suds2Library">
<doc>Calls the SOAP method with the given `name` and `args`.</doc>
<arguments>
<arg>complexTypeArgument</arg>
<arg>${person}</arg>
</arguments>
<assign>
<var>${resp}</var>
</assign>
<msg timestamp="20201118 12:33:34.823" level="INFO">Sending:
&lt;?xml version="1.0" ?&gt;
&lt;SOAP-ENV:Envelope xmlns:SOAP-ENV="http://schemas.xmlsoap.org/soap/envelope/" xmlns:xsi="http://www.w3.org/2001/XMLSchema-instance" xmlns:SOAP-ENC="http://schemas.xmlsoap.org/soap/encoding/" xmlns:ns0="http://schemas.xmlsoap.org/soap/encoding/" xmlns:ns1="http://www.w3.org/2001/XMLSchema" xmlns:ns2="http://schemas.xmlsoap.org/soap/envelope/" xmlns:ns3="urn:TestService" SOAP-ENV:encodingStyle="http://schemas.xmlsoap.org/soap/encoding/"&gt;
  &lt;SOAP-ENV:Header/&gt;
  &lt;ns2:Body&gt;
    &lt;ns3:complexTypeArgument&gt;
      &lt;person xsi:type="ns3:Person"&gt;
        &lt;first-name xsi:type="ns1:string"&gt;Phillip&lt;/first-name&gt;
        &lt;last-name xsi:type="ns1:string"&gt;McCann&lt;/last-name&gt;
      &lt;/person&gt;
    &lt;/ns3:complexTypeArgument&gt;
  &lt;/ns2:Body&gt;
&lt;/SOAP-ENV:Envelope&gt;
</msg>
<msg timestamp="20201118 12:33:35.831" level="INFO">Received:
&lt;?xml version="1.0" ?&gt;
&lt;SOAP-ENV:Envelope xmlns:SOAP-ENV="http://schemas.xmlsoap.org/soap/envelope/" xmlns:SOAP-ENC="http://schemas.xmlsoap.org/soap/encoding/" xmlns:xsd="http://www.w3.org/2001/XMLSchema" xmlns:ns="urn:TestService"&gt;
  &lt;SOAP-ENV:Body SOAP-ENV:encodingStyle="http://schemas.xmlsoap.org/soap/encoding/"&gt;
    &lt;ns:complexTypeArgumentResponse&gt;
      &lt;result&gt;Phillip McCann&lt;/result&gt;
    &lt;/ns:complexTypeArgumentResponse&gt;
  &lt;/SOAP-ENV:Body&gt;
&lt;/SOAP-ENV:Envelope&gt;
</msg>
<msg timestamp="20201118 12:33:35.831" level="INFO">${resp} = Phillip McCann</msg>
<status status="PASS" starttime="20201118 12:33:34.822" endtime="20201118 12:33:35.831"></status>
</kw>
<kw name="Should Be Equal As Strings" library="BuiltIn">
<doc>Fails if objects are unequal after converting them to strings.</doc>
<arguments>
<arg>${resp}</arg>
<arg>Phillip McCann</arg>
</arguments>
<msg timestamp="20201118 12:33:35.832" level="INFO">Argument types are:
&lt;type 'unicode'&gt;
&lt;type 'unicode'&gt;</msg>
<status status="PASS" starttime="20201118 12:33:35.831" endtime="20201118 12:33:35.832"></status>
</kw>
<status status="PASS" starttime="20201118 12:33:33.796" endtime="20201118 12:33:35.832" critical="yes"></status>
</test>
<test id="s1-s2-t9" name="Set Port">
<kw name="Create Soap Client" library="Suds2Library">
<doc>Loads a WSDL from the given URL/path and creates a Suds SOAP client.</doc>
<arguments>
<arg>resources/wsdls/TestService_ports.wsdl</arg>
</arguments>
<msg timestamp="20201118 12:33:35.849" level="INFO">Using WSDL at file:resources/wsdls/TestService_ports.wsdl
Suds ( https://github.com/cackharot/suds-py3 )  version: 1.4.1.0 IN  build: 20200421

Service ( TestService ) tns="urn:TestService"
   Prefixes (2)
      ns0 = "http://schemas.xmlsoap.org/soap/encoding/"
      ns1 = "urn:TestService"
   Ports (2):
      (BadPort)
         Methods (3):
            complexTypeArgument(Person person, )
            returnComplexType(xs:string first-name, xs:string last-name, )
            theAnswer()
         Types (49):
            ns0:Array
            ns0:ENTITIES
            ns0:ENTITY
            ns0:ID
            ns0:IDREF
            ns0:IDREFS
            ns0:NCName
            ns0:NMTOKEN
            ns0:NMTOKENS
            ns0:NOTATION
            ns0:Name
            Person
            ns0:QName
            ns0:Struct
            ns0:anyURI
            ns0:arrayCoordinate
            ns0:base64
            ns0:base64Binary
            ns0:boolean
            ns0:byte
            ns0:date
            ns0:dateTime
            ns0:decimal
            ns0:double
            ns0:duration
            ns0:float
            ns0:gDay
            ns0:gMonth
            ns0:gMonthDay
            ns0:gYear
            ns0:gYearMonth
            ns0:hexBinary
            ns0:int
            ns0:integer
            ns0:language
            ns0:long
            ns0:negativeInteger
            ns0:nonNegativeInteger
            ns0:nonPositiveInteger
            ns0:normalizedString
            ns0:positiveInteger
            ns0:short
            ns0:string
            ns0:time
            ns0:token
            ns0:unsignedByte
            ns0:unsignedInt
            ns0:unsignedLong
            ns0:unsignedShort
      (TestService)
         Methods (3):
            complexTypeArgument(Person person, )
            returnComplexType(xs:string first-name, xs:string last-name, )
            theAnswer()
         Types (49):
            ns0:Array
            ns0:ENTITIES
            ns0:ENTITY
            ns0:ID
            ns0:IDREF
            ns0:IDREFS
            ns0:NCName
            ns0:NMTOKEN
            ns0:NMTOKENS
            ns0:NOTATION
            ns0:Name
            Person
            ns0:QName
            ns0:Struct
            ns0:anyURI
            ns0:arrayCoordinate
            ns0:base64
            ns0:base64Binary
            ns0:boolean
            ns0:byte
            ns0:date
            ns0:dateTime
            ns0:decimal
            ns0:double
            ns0:duration
            ns0:float
            ns0:gDay
            ns0:gMonth
            ns0:gMonthDay
            ns0:gYear
            ns0:gYearMonth
            ns0:hexBinary
            ns0:int
            ns0:integer
            ns0:language
            ns0:long
            ns0:negativeInteger
            ns0:nonNegativeInteger
            ns0:nonPositiveInteger
            ns0:normalizedString
            ns0:positiveInteger
            ns0:short
            ns0:string
            ns0:time
            ns0:token
            ns0:unsignedByte
            ns0:unsignedInt
            ns0:unsignedLong
            ns0:unsignedShort
--------------------------------------------------------------------------------</msg>
<status status="PASS" starttime="20201118 12:33:35.832" endtime="20201118 12:33:35.850"></status>
</kw>
<kw name="Run Keyword And Expect Error" library="BuiltIn">
<doc>Runs the keyword and checks that the expected error occurred.</doc>
<arguments>
<arg>*</arg>
<arg>Call Soap Method</arg>
<arg>theAnswer</arg>
</arguments>
<kw name="Call Soap Method" library="Suds2Library">
<doc>Calls the SOAP method with the given `name` and `args`.</doc>
<arguments>
<arg>theAnswer</arg>
</arguments>
<msg timestamp="20201118 12:33:35.851" level="INFO">Sending:
&lt;?xml version="1.0" ?&gt;
&lt;SOAP-ENV:Envelope xmlns:SOAP-ENV="http://schemas.xmlsoap.org/soap/envelope/" xmlns:xsi="http://www.w3.org/2001/XMLSchema-instance" xmlns:SOAP-ENC="http://schemas.xmlsoap.org/soap/encoding/" xmlns:ns0="http://schemas.xmlsoap.org/soap/encoding/" xmlns:ns1="http://schemas.xmlsoap.org/soap/envelope/" xmlns:ns2="urn:TestService" SOAP-ENV:encodingStyle="http://schemas.xmlsoap.org/soap/encoding/"&gt;
  &lt;SOAP-ENV:Header/&gt;
  &lt;ns1:Body&gt;
    &lt;ns2:theAnswer/&gt;
  &lt;/ns1:Body&gt;
&lt;/SOAP-ENV:Envelope&gt;
</msg>
<msg timestamp="20201118 12:33:36.867" level="FAIL">SAXParseException: &lt;unknown&gt;:1:0: syntax error</msg>
<status status="FAIL" starttime="20201118 12:33:35.850" endtime="20201118 12:33:36.867"></status>
</kw>
<status status="PASS" starttime="20201118 12:33:35.850" endtime="20201118 12:33:36.868"></status>
</kw>
<kw name="Set Port" library="Suds2Library">
<doc>Sets the `port` to use in future requests.</doc>
<arguments>
<arg>TestService</arg>
</arguments>
<status status="PASS" starttime="20201118 12:33:36.868" endtime="20201118 12:33:36.868"></status>
</kw>
<kw name="Call Soap Method" library="Suds2Library">
<doc>Calls the SOAP method with the given `name` and `args`.</doc>
<arguments>
<arg>theAnswer</arg>
</arguments>
<msg timestamp="20201118 12:33:36.869" level="INFO">Sending:
&lt;?xml version="1.0" ?&gt;
&lt;SOAP-ENV:Envelope xmlns:SOAP-ENV="http://schemas.xmlsoap.org/soap/envelope/" xmlns:xsi="http://www.w3.org/2001/XMLSchema-instance" xmlns:SOAP-ENC="http://schemas.xmlsoap.org/soap/encoding/" xmlns:ns0="http://schemas.xmlsoap.org/soap/encoding/" xmlns:ns1="http://schemas.xmlsoap.org/soap/envelope/" xmlns:ns2="urn:TestService" SOAP-ENV:encodingStyle="http://schemas.xmlsoap.org/soap/encoding/"&gt;
  &lt;SOAP-ENV:Header/&gt;
  &lt;ns1:Body&gt;
    &lt;ns2:theAnswer/&gt;
  &lt;/ns1:Body&gt;
&lt;/SOAP-ENV:Envelope&gt;
</msg>
<msg timestamp="20201118 12:33:37.886" level="INFO">Received:
&lt;?xml version="1.0" ?&gt;
&lt;SOAP-ENV:Envelope xmlns:SOAP-ENV="http://schemas.xmlsoap.org/soap/envelope/" xmlns:SOAP-ENC="http://schemas.xmlsoap.org/soap/encoding/" xmlns:xsd="http://www.w3.org/2001/XMLSchema" xmlns:ns="urn:TestService"&gt;
  &lt;SOAP-ENV:Body SOAP-ENV:encodingStyle="http://schemas.xmlsoap.org/soap/encoding/"&gt;
    &lt;ns:theAnswerResponse&gt;
      &lt;result&gt;42&lt;/result&gt;
    &lt;/ns:theAnswerResponse&gt;
  &lt;/SOAP-ENV:Body&gt;
&lt;/SOAP-ENV:Envelope&gt;
</msg>
<status status="PASS" starttime="20201118 12:33:36.868" endtime="20201118 12:33:37.886"></status>
</kw>
<kw name="Set Port" library="Suds2Library">
<doc>Sets the `port` to use in future requests.</doc>
<arguments>
<arg>0</arg>
</arguments>
<status status="PASS" starttime="20201118 12:33:37.887" endtime="20201118 12:33:37.887"></status>
</kw>
<kw name="Run Keyword And Expect Error" library="BuiltIn">
<doc>Runs the keyword and checks that the expected error occurred.</doc>
<arguments>
<arg>*</arg>
<arg>Call Soap Method</arg>
<arg>theAnswer</arg>
</arguments>
<kw name="Call Soap Method" library="Suds2Library">
<doc>Calls the SOAP method with the given `name` and `args`.</doc>
<arguments>
<arg>theAnswer</arg>
</arguments>
<msg timestamp="20201118 12:33:37.888" level="INFO">Sending:
&lt;?xml version="1.0" ?&gt;
&lt;SOAP-ENV:Envelope xmlns:SOAP-ENV="http://schemas.xmlsoap.org/soap/envelope/" xmlns:xsi="http://www.w3.org/2001/XMLSchema-instance" xmlns:SOAP-ENC="http://schemas.xmlsoap.org/soap/encoding/" xmlns:ns0="http://schemas.xmlsoap.org/soap/encoding/" xmlns:ns1="http://schemas.xmlsoap.org/soap/envelope/" xmlns:ns2="urn:TestService" SOAP-ENV:encodingStyle="http://schemas.xmlsoap.org/soap/encoding/"&gt;
  &lt;SOAP-ENV:Header/&gt;
  &lt;ns1:Body&gt;
    &lt;ns2:theAnswer/&gt;
  &lt;/ns1:Body&gt;
&lt;/SOAP-ENV:Envelope&gt;
</msg>
<msg timestamp="20201118 12:33:38.898" level="FAIL">SAXParseException: &lt;unknown&gt;:1:0: syntax error</msg>
<status status="FAIL" starttime="20201118 12:33:37.887" endtime="20201118 12:33:38.898"></status>
</kw>
<status status="PASS" starttime="20201118 12:33:37.887" endtime="20201118 12:33:38.898"></status>
</kw>
<kw name="Set Port" library="Suds2Library">
<doc>Sets the `port` to use in future requests.</doc>
<arguments>
<arg>1</arg>
</arguments>
<status status="PASS" starttime="20201118 12:33:38.898" endtime="20201118 12:33:38.898"></status>
</kw>
<kw name="Call Soap Method" library="Suds2Library">
<doc>Calls the SOAP method with the given `name` and `args`.</doc>
<arguments>
<arg>theAnswer</arg>
</arguments>
<msg timestamp="20201118 12:33:38.899" level="INFO">Sending:
&lt;?xml version="1.0" ?&gt;
[...]
  &lt;SOAP-ENV:Header&gt;
    &lt;wsse:Security mustUnderstand="1"&gt;
      &lt;wsse:UsernameToken&gt;
        &lt;wsse:Username&gt;user&lt;/wsse:Username&gt;
        &lt;wsse:Password Type="http://docs.oasis-open.org/wss/2004/01/oasis-200401-wss-username-token-profile-1.0#PasswordDigest"&gt;b'W6ph5Mm5Pz8GgiULbPgzG37mj9g='&lt;/wsse:Password&gt;
      &lt;/wsse:UsernameToken&gt;
    &lt;/wsse:Security&gt;
  &lt;/SOAP-ENV:Header&gt;
  &lt;ns1:Body&gt;
    &lt;ns2:theAnswer/&gt;
  &lt;/ns1:Body&gt;
&lt;/SOAP-ENV:Envelope&gt;
</msg>
<msg timestamp="20201118 12:35:27.920" level="INFO">Received:
&lt;?xml version="1.0" ?&gt;
&lt;SOAP-ENV:Envelope xmlns:SOAP-ENV="http://schemas.xmlsoap.org/soap/envelope/" xmlns:SOAP-ENC="http://schemas.xmlsoap.org/soap/encoding/" xmlns:xsd="http://www.w3.org/2001/XMLSchema" xmlns:ns="urn:TestService"&gt;
  &lt;SOAP-ENV:Body SOAP-ENV:encodingStyle="http://schemas.xmlsoap.org/soap/encoding/"&gt;
    &lt;ns:theAnswerResponse&gt;
      &lt;result&gt;42&lt;/result&gt;
    &lt;/ns:theAnswerResponse&gt;
  &lt;/SOAP-ENV:Body&gt;
&lt;/SOAP-ENV:Envelope&gt;
</msg>
<status status="PASS" starttime="20201118 12:35:26.901" endtime="20201118 12:35:27.921"></status>
</kw>
<kw name="Get Password">
<assign>
<var>${digest}</var>
</assign>
<kw name="Get Last Sent" library="Suds2Library">
<doc>Gets the message text last sent.</doc>
<assign>
<var>${xml}</var>
</assign>
<msg timestamp="20201118 12:35:27.921" level="INFO">${xml} = &lt;?xml version="1.0" encoding="UTF-8"?&gt;&lt;SOAP-ENV:Envelope xmlns:SOAP-ENV="http://schemas.xmlsoap.org/soap/envelope/" xmlns:xsi="http://www.w3.org/2001/XMLSchema-instance" xmlns:SOAP-ENC="http://schemas...</msg>
<status status="PASS" starttime="20201118 12:35:27.921" endtime="20201118 12:35:27.921"></status>
</kw>
<kw name="Get Element Text" library="XML">
<doc>Returns all text of the element, possibly whitespace normalized.</doc>
<arguments>
<arg>${xml}</arg>
<arg>Header/Security/UsernameToken/Password</arg>
</arguments>
<assign>
<var>${nonce}</var>
</assign>
<msg timestamp="20201118 12:35:27.922" level="INFO">${nonce} = b'W6ph5Mm5Pz8GgiULbPgzG37mj9g='</msg>
<status status="PASS" starttime="20201118 12:35:27.921" endtime="20201118 12:35:27.922"></status>
</kw>
<msg timestamp="20201118 12:35:27.922" level="INFO">${digest} = b'W6ph5Mm5Pz8GgiULbPgzG37mj9g='</msg>
<status status="PASS" starttime="20201118 12:35:27.921" endtime="20201118 12:35:27.922"></status>
</kw>
<kw name="Should Be Equal As Strings" library="BuiltIn">
<doc>Fails if objects are unequal after converting them to strings.</doc>
<arguments>
<arg>${digest}</arg>
<arg>b'W6ph5Mm5Pz8GgiULbPgzG37mj9g='</arg>
</arguments>
<status status="PASS" starttime="20201118 12:35:27.922" endtime="20201118 12:35:27.922"></status>
</kw>
<status status="PASS" starttime="20201118 12:35:25.867" endtime="20201118 12:35:27.922" critical="yes"></status>
</test>
<test id="s1-s3-t15" name="Digest">
<kw name="Create Soap Client" library="Suds2Library" type="setup">
<doc>Loads a WSDL from the given URL/path and creates a Suds SOAP client.</doc>
<arguments>
<arg>${TEST WSDL URL}</arg>
</arguments>
<msg timestamp="20201118 12:35:28.968" level="INFO">Using WSDL at http://localhost:8080/TestService/soap11/description
Suds ( https://github.com/cackharot/suds-py3 )  version: 1.4.1.0 IN  build: 20200421

Service ( TestService ) tns="urn:TestService"
   Prefixes (2)
      ns0 = "http://schemas.xmlsoap.org/soap/encoding/"
      ns1 = "urn:TestService"
   Ports (1):
      (TestService)
         Methods (4):
            complexTypeArgument(Person person, )
            fault(xs:string fault-string, )
            returnComplexType(xs:string first-name, xs:string last-name, )
            theAnswer()
         Types (49):
            ns0:Array
            ns0:ENTITIES
            ns0:ENTITY
            ns0:ID
            ns0:IDREF
            ns0:IDREFS
            ns0:NCName
            ns0:NMTOKEN
            ns0:NMTOKENS
            ns0:NOTATION
            ns0:Name
            Person
            ns0:QName
            ns0:Struct
            ns0:anyURI
            ns0:arrayCoordinate
            ns0:base64
            ns0:base64Binary
            ns0:boolean
            ns0:byte
            ns0:date
            ns0:dateTime
            ns0:decimal
            ns0:double
            ns0:duration
            ns0:float
            ns0:gDay
            ns0:gMonth
            ns0:gMonthDay
            ns0:gYear
            ns0:gYearMonth
            ns0:hexBinary
            ns0:int
            ns0:integer
            ns0:language
            ns0:long
            ns0:negativeInteger
            ns0:nonNegativeInteger
            ns0:nonPositiveInteger
            ns0:normalizedString
            ns0:positiveInteger
            ns0:short
            ns0:string
            ns0:time
            ns0:token
            ns0:unsignedByte
            ns0:unsignedInt
            ns0:unsignedLong
            ns0:unsignedShort
--------------------------------------------------------------------------------</msg>
<status status="PASS" starttime="20201118 12:35:27.923" endtime="20201118 12:35:28.968"></status>
</kw>
<kw name="Apply Username Token" library="Suds2Library">
<doc>Applies a UsernameToken element to future requests.</doc>
<arguments>
<arg>user</arg>
<arg>password</arg>
<arg>True</arg>
<arg>True</arg>
<arg>digest=True</arg>
</arguments>
<status status="PASS" starttime="20201118 12:35:28.968" endtime="20201118 12:35:28.968"></status>
</kw>
<kw name="Set Fixed Nonce" library="Util">
<doc>`nonce` should be Base64 encoded.</doc>
<arguments>
<arg>5ABcqPZWb6ImI2E6tob8MQ==</arg>
</arguments>
<status status="PASS" starttime="20201118 12:35:28.969" endtime="20201118 12:35:28.969"></status>
</kw>
<kw name="Set Fixed Created" library="Util">
<doc>Set a fixed value for the created element.</doc>
<arguments>
<arg>2010-06-08T07:26:50Z</arg>
</arguments>
<status status="PASS" starttime="20201118 12:35:28.969" endtime="20201118 12:35:28.969"></status>
</kw>
<kw name="Call Soap Method" library="Suds2Library">
<doc>Calls the SOAP method with the given `name` and `args`.</doc>
<arguments>
<arg>theAnswer</arg>
</arguments>
<msg timestamp="20201118 12:35:28.970" level="INFO">Sending:
&lt;?xml version="1.0" ?&gt;
&lt;SOAP-ENV:Envelope xmlns:SOAP-ENV="http://schemas.xmlsoap.org/soap/envelope/" xmlns:xsi="http://www.w3.org/2001/XMLSchema-instance" xmlns:SOAP-ENC="http://schemas.xmlsoap.org/soap/encoding/" xmlns:wsse="http://docs.oasis-open.org/wss/2004/01/oasis-200401-wss-wssecurity-secext-1.0.xsd" xmlns:wsu="http://docs.oasis-open.org/wss/2004/01/oasis-200401-wss-wssecurity-utility-1.0.xsd" xmlns:ns0="http://schemas.xmlsoap.org/soap/encoding/" xmlns:ns1="http://schemas.xmlsoap.org/soap/envelope/" xmlns:ns2="urn:TestService" SOAP-ENV:encodingStyle="http://schemas.xmlsoap.org/soap/encoding/"&gt;
  &lt;SOAP-ENV:Header&gt;
    &lt;wsse:Security mustUnderstand="1"&gt;
      &lt;wsse:UsernameToken&gt;
        &lt;wsse:Username&gt;user&lt;/wsse:Username&gt;
        &lt;wsse:Password Type="http://docs.oasis-open.org/wss/2004/01/oasis-200401-wss-username-token-profile-1.0#PasswordDigest"&gt;b'GMVUkQeviQzk4zHJMGa/WoCsCoY='&lt;/wsse:Password&gt;
        &lt;wsse:Nonce EncodingType="http://docs.oasis-open.org/wss/2004/01/oasis-200401-wss-soap-message-security-1.0#Base64Binary"&gt;b'5ABcqPZWb6ImI2E6tob8MQ=='&lt;/wsse:Nonce&gt;
        &lt;wsu:Created&gt;2010-06-08T07:26:50Z&lt;/wsu:Created&gt;
      &lt;/wsse:UsernameToken&gt;
    &lt;/wsse:Security&gt;
  &lt;/SOAP-ENV:Header&gt;
  &lt;ns1:Body&gt;
    &lt;ns2:theAnswer/&gt;
  &lt;/ns1:Body&gt;
&lt;/SOAP-ENV:Envelope&gt;
</msg>
<msg timestamp="20201118 12:35:29.977" level="INFO">Received:
&lt;?xml version="1.0" ?&gt;
&lt;SOAP-ENV:Envelope xmlns:SOAP-ENV="http://schemas.xmlsoap.org/soap/envelope/" xmlns:SOAP-ENC="http://schemas.xmlsoap.org/soap/encoding/" xmlns:xsd="http://www.w3.org/2001/XMLSchema" xmlns:ns="urn:TestService"&gt;
  &lt;SOAP-ENV:Body SOAP-ENV:encodingStyle="http://schemas.xmlsoap.org/soap/encoding/"&gt;
    &lt;ns:theAnswerResponse&gt;
      &lt;result&gt;42&lt;/result&gt;
    &lt;/ns:theAnswerResponse&gt;
  &lt;/SOAP-ENV:Body&gt;
&lt;/SOAP-ENV:Envelope&gt;
</msg>
<status status="PASS" starttime="20201118 12:35:28.969" endtime="20201118 12:35:29.977"></status>
</kw>
<kw name="Get Password">
<assign>
<var>${digest}</var>
</assign>
<kw name="Get Last Sent" library="Suds2Library">
<doc>Gets the message text last sent.</doc>
<assign>
<var>${xml}</var>
</assign>
<msg timestamp="20201118 12:35:29.978" level="INFO">${xml} = &lt;?xml version="1.0" encoding="UTF-8"?&gt;&lt;SOAP-ENV:Envelope xmlns:SOAP-ENV="http://schemas.xmlsoap.org/soap/envelope/" xmlns:xsi="http://www.w3.org/2001/XMLSchema-instance" xmlns:SOAP-ENC="http://schemas...</msg>
<status status="PASS" starttime="20201118 12:35:29.978" endtime="20201118 12:35:29.978"></status>
</kw>
<kw name="Get Element Text" library="XML">
<doc>Returns all text of the element, possibly whitespace normalized.</doc>
<arguments>
<arg>${xml}</arg>
<arg>Header/Security/UsernameToken/Password</arg>
</arguments>
<assign>
<var>${nonce}</var>
</assign>
<msg timestamp="20201118 12:35:29.978" level="INFO">${nonce} = b'GMVUkQeviQzk4zHJMGa/WoCsCoY='</msg>
<status status="PASS" starttime="20201118 12:35:29.978" endtime="20201118 12:35:29.978"></status>
</kw>
<msg timestamp="20201118 12:35:29.978" level="INFO">${digest} = b'GMVUkQeviQzk4zHJMGa/WoCsCoY='</msg>
<status status="PASS" starttime="20201118 12:35:29.977" endtime="20201118 12:35:29.978"></status>
</kw>
<kw name="Should Be Equal As Strings" library="BuiltIn">
<doc>Fails if objects are unequal after converting them to strings.</doc>
<arguments>
<arg>${digest}</arg>
<arg>b'GMVUkQeviQzk4zHJMGa/WoCsCoY='</arg>
</arguments>
<status status="PASS" starttime="20201118 12:35:29.978" endtime="20201118 12:35:29.979"></status>
</kw>
<kw name="Get Created In UsernameToken">
<assign>
<var>${created}</var>
</assign>
<kw name="Get Last Sent" library="Suds2Library">
<doc>Gets the message text last sent.</doc>
<assign>
<var>${xml}</var>
</assign>
<msg timestamp="20201118 12:35:29.979" level="INFO">${xml} = &lt;?xml version="1.0" encoding="UTF-8"?&gt;&lt;SOAP-ENV:Envelope xmlns:SOAP-ENV="http://schemas.xmlsoap.org/soap/envelope/" xmlns:xsi="http://www.w3.org/2001/XMLSchema-instance" xmlns:SOAP-ENC="http://schemas...</msg>
<status status="PASS" starttime="20201118 12:35:29.979" endtime="20201118 12:35:29.979"></status>
</kw>
<kw name="Get Element Text" library="XML">
<doc>Returns all text of the element, possibly whitespace normalized.</doc>
<arguments>
<arg>${xml}</arg>
<arg>Header/Security/UsernameToken/Created</arg>
</arguments>
<assign>
<var>${created}</var>
</assign>
<msg timestamp="20201118 12:35:29.980" level="INFO">${created} = 2010-06-08T07:26:50Z</msg>
<status status="PASS" starttime="20201118 12:35:29.979" endtime="20201118 12:35:29.980"></status>
</kw>
<msg timestamp="20201118 12:35:29.980" level="INFO">${created} = 2010-06-08T07:26:50Z</msg>
<status status="PASS" starttime="20201118 12:35:29.979" endtime="20201118 12:35:29.980"></status>
</kw>
<kw name="Should Be Equal As Strings" library="BuiltIn">
<doc>Fails if objects are unequal after converting them to strings.</doc>
<arguments>
<arg>${created}</arg>
<arg>2010-06-08T07:26:50Z</arg>
</arguments>
<status status="PASS" starttime="20201118 12:35:29.980" endtime="20201118 12:35:29.980"></status>
</kw>
<kw name="Get Nonce">
<assign>
<var>${nonce}</var>
</assign>
<kw name="Get Last Sent" library="Suds2Library">
<doc>Gets the message text last sent.</doc>
<assign>
<var>${xml}</var>
</assign>
<msg timestamp="20201118 12:35:29.981" level="INFO">${xml} = &lt;?xml version="1.0" encoding="UTF-8"?&gt;&lt;SOAP-ENV:Envelope xmlns:SOAP-ENV="http://schemas.xmlsoap.org/soap/envelope/" xmlns:xsi="http://www.w3.org/2001/XMLSchema-instance" xmlns:SOAP-ENC="http://schemas...</msg>
<status status="PASS" starttime="20201118 12:35:29.980" endtime="20201118 12:35:29.981"></status>
</kw>
<kw name="Get Element Text" library="XML">
<doc>Returns all text of the element, possibly whitespace normalized.</doc>
<arguments>
<arg>${xml}</arg>
<arg>Header/Security/UsernameToken/Nonce</arg>
</arguments>
<assign>
<var>${nonce}</var>
</assign>
<msg timestamp="20201118 12:35:29.981" level="INFO">${nonce} = b'5ABcqPZWb6ImI2E6tob8MQ=='</msg>
<status status="PASS" starttime="20201118 12:35:29.981" endtime="20201118 12:35:29.981"></status>
</kw>
<msg timestamp="20201118 12:35:29.981" level="INFO">${nonce} = b'5ABcqPZWb6ImI2E6tob8MQ=='</msg>
<status status="PASS" starttime="20201118 12:35:29.980" endtime="20201118 12:35:29.981"></status>
</kw>
<kw name="Should Be Equal As Strings" library="BuiltIn">
<doc>Fails if objects are unequal after converting them to strings.</doc>
<arguments>
<arg>${nonce}</arg>
<arg>b'5ABcqPZWb6ImI2E6tob8MQ=='</arg>
</arguments>
<status status="PASS" starttime="20201118 12:35:29.981" endtime="20201118 12:35:29.981"></status>
</kw>
<status status="PASS" starttime="20201118 12:35:27.922" endtime="20201118 12:35:29.982" critical="yes"></status>
</test>
<test id="s1-s3-t16" name="mustUnderstand value">
<kw name="Create Soap Client" library="Suds2Library" type="setup">
<doc>Loads a WSDL from the given URL/path and creates a Suds SOAP client.</doc>
<arguments>
<arg>${TEST WSDL URL}</arg>
</arguments>
<msg timestamp="20201118 12:35:31.017" level="INFO">Using WSDL at http://localhost:8080/TestService/soap11/description
Suds ( https://github.com/cackharot/suds-py3 )  version: 1.4.1.0 IN  build: 20200421

Service ( TestService ) tns="urn:TestService"
   Prefixes (2)
      ns0 = "http://schemas.xmlsoap.org/soap/encoding/"
      ns1 = "urn:TestService"
   Ports (1):
      (TestService)
         Methods (4):
            complexTypeArgument(Person person, )
            fault(xs:string fault-string, )
            returnComplexType(xs:string first-name, xs:string last-name, )
            theAnswer()
         Types (49):
            ns0:Array
            ns0:ENTITIES
            ns0:ENTITY
            ns0:ID
            ns0:IDREF
            ns0:IDREFS
            ns0:NCName
            ns0:NMTOKEN
            ns0:NMTOKENS
            ns0:NOTATION
            ns0:Name
            Person
            ns0:QName
            ns0:Struct
            ns0:anyURI
            ns0:arrayCoordinate
            ns0:base64
            ns0:base64Binary
            ns0:boolean
            ns0:byte
            ns0:date
            ns0:dateTime
            ns0:decimal
            ns0:double
            ns0:duration
            ns0:float
            ns0:gDay
            ns0:gMonth
            ns0:gMonthDay
            ns0:gYear
            ns0:gYearMonth
            ns0:hexBinary
            ns0:int
            ns0:integer
            ns0:language
            ns0:long
            ns0:negativeInteger
            ns0:nonNegativeInteger
            ns0:nonPositiveInteger
            ns0:normalizedString
            ns0:positiveInteger
            ns0:short
            ns0:string
            ns0:time
            ns0:token
            ns0:unsignedByte
            ns0:unsignedInt
            ns0:unsignedLong
            ns0:unsignedShort
--------------------------------------------------------------------------------</msg>
<status status="PASS" starttime="20201118 12:35:29.982" endtime="20201118 12:35:31.018"></status>
</kw>
<kw name="Apply Security Timestamp" library="Suds2Library">
<doc>Applies a Timestamp element to future requests valid for the given `duration`.</doc>
<status status="PASS" starttime="20201118 12:35:31.018" endtime="20201118 12:35:31.018"></status>
</kw>
<kw name="Call Soap Method" library="Suds2Library">
<doc>Calls the SOAP method with the given `name` and `args`.</doc>
<arguments>
<arg>theAnswer</arg>
</arguments>
<msg timestamp="20201118 12:35:31.019" level="INFO">Sending:
&lt;?xml version="1.0" ?&gt;
&lt;SOAP-ENV:Envelope xmlns:SOAP-ENV="http://schemas.xmlsoap.org/soap/envelope/" xmlns:xsi="http://www.w3.org/2001/XMLSchema-instance" xmlns:SOAP-ENC="http://schemas.xmlsoap.org/soap/encoding/" xmlns:wsse="http://docs.oasis-open.org/wss/2004/01/oasis-200401-wss-wssecurity-secext-1.0.xsd" xmlns:wsu="http://docs.oasis-open.org/wss/2004/01/oasis-200401-wss-wssecurity-utility-1.0.xsd" xmlns:ns0="http://schemas.xmlsoap.org/soap/encoding/" xmlns:ns1="http://schemas.xmlsoap.org/soap/envelope/" xmlns:ns2="urn:TestService" SOAP-ENV:encodingStyle="http://schemas.xmlsoap.org/soap/encoding/"&gt;
  &lt;SOAP-ENV:Header&gt;
    &lt;wsse:Security mustUnderstand="1"&gt;
      &lt;wsu:Timestamp&gt;
        &lt;wsu:Created&gt;2020-11-18T10:35:31.017Z&lt;/wsu:Created&gt;
      &lt;/wsu:Timestamp&gt;
    &lt;/wsse:Security&gt;
  &lt;/SOAP-ENV:Header&gt;
  &lt;ns1:Body&gt;
    &lt;ns2:theAnswer/&gt;
  &lt;/ns1:Body&gt;
&lt;/SOAP-ENV:Envelope&gt;
</msg>
<msg timestamp="20201118 12:35:32.027" level="INFO">Received:
&lt;?xml version="1.0" ?&gt;
&lt;SOAP-ENV:Envelope xmlns:SOAP-ENV="http://schemas.xmlsoap.org/soap/envelope/" xmlns:SOAP-ENC="http://schemas.xmlsoap.org/soap/encoding/" xmlns:xsd="http://www.w3.org/2001/XMLSchema" xmlns:ns="urn:TestService"&gt;
  &lt;SOAP-ENV:Body SOAP-ENV:encodingStyle="http://schemas.xmlsoap.org/soap/encoding/"&gt;
    &lt;ns:theAnswerResponse&gt;
      &lt;result&gt;42&lt;/result&gt;
    &lt;/ns:theAnswerResponse&gt;
  &lt;/SOAP-ENV:Body&gt;
&lt;/SOAP-ENV:Envelope&gt;
</msg>
<status status="PASS" starttime="20201118 12:35:31.018" endtime="20201118 12:35:32.027"></status>
</kw>
<kw name="Get Last Sent" library="Suds2Library">
<doc>Gets the message text last sent.</doc>
<assign>
<var>${xml}</var>
</assign>
<msg timestamp="20201118 12:35:32.028" level="INFO">${xml} = &lt;?xml version="1.0" encoding="UTF-8"?&gt;&lt;SOAP-ENV:Envelope xmlns:SOAP-ENV="http://schemas.xmlsoap.org/soap/envelope/" xmlns:xsi="http://www.w3.org/2001/XMLSchema-instance" xmlns:SOAP-ENC="http://schemas...</msg>
<status status="PASS" starttime="20201118 12:35:32.027" endtime="20201118 12:35:32.028"></status>
</kw>
<kw name="Element Attribute Should Be" library="XML">
<doc>Verifies that the specified attribute is ``expected``.</doc>
<arguments>
<arg>${xml}</arg>
<arg>mustUnderstand</arg>
<arg>1</arg>
<arg>Header/Security</arg>
</arguments>
<status status="PASS" starttime="20201118 12:35:32.028" endtime="20201118 12:35:32.029"></status>
</kw>
<doc>Suds uses "true" for mustUnderstand, which is appropriate for SOAP 1.2, but for 1.1 it should be "1" or "0".</doc>
<status status="PASS" starttime="20201118 12:35:29.982" endtime="20201118 12:35:32.029" critical="yes"></status>
</test>
<status status="PASS" starttime="20201118 12:34:50.843" endtime="20201118 12:35:32.030"></status>
</suite>
<status status="FAIL" starttime="20201118 12:33:02.185" endtime="20201118 12:35:32.035"></status>
</suite>
<statistics>
<total>
<stat pass="54" fail="1">Critical Tests</stat>
<stat pass="54" fail="1">All Tests</stat>
</total>
<tag>
</tag>
<suite>
<stat pass="54" fail="1" id="s1" name="Atest">Atest</stat>
<stat pass="4" fail="0" id="s1-s1" name="Basicauth">Atest.Basicauth</stat>
<stat pass="34" fail="1" id="s1-s2" name="Core">Atest.Core</stat>
<stat pass="16" fail="0" id="s1-s3" name="Ws-Security">Atest.Ws-Security</stat>
</suite>
</statistics>
<errors>
<msg timestamp="20201118 12:34:11.789" level="ERROR">(ns0:string) not-found</msg>
<msg timestamp="20201118 12:34:11.789" level="ERROR">path: "ns0:string", not-found</msg>
<msg timestamp="20201118 12:34:11.793" level="ERROR">(ns0:string) not-found</msg>
<msg timestamp="20201118 12:34:11.794" level="ERROR">path: "ns0:string", not-found</msg>
</errors>
</robot>
